[2022-10-27 10:58:45] laravel.EMERGENCY: Unable to create configured logger. Using emergency logger. {"exception":"[object] (InvalidArgumentException(code: 0): Log [] is not defined. at C:\\Users\\Giang Nguyen\\Desktop\\github\\php-core\\vendor\\laravel\\framework\\src\\Illuminate\\Log\\LogManager.php:200)
[stacktrace]
#0 C:\\Users\\Giang Nguyen\\Desktop\\github\\php-core\\vendor\\laravel\\framework\\src\\Illuminate\\Log\\LogManager.php(125): Illuminate\\Log\\LogManager->resolve(NULL, NULL)
#1 C:\\Users\\Giang Nguyen\\Desktop\\github\\php-core\\vendor\\laravel\\framework\\src\\Illuminate\\Log\\LogManager.php(112): Illuminate\\Log\\LogManager->get(NULL)
#2 C:\\Users\\Giang Nguyen\\Desktop\\github\\php-core\\vendor\\laravel\\framework\\src\\Illuminate\\Log\\LogManager.php(590): Illuminate\\Log\\LogManager->driver()
#3 C:\\Users\\Giang Nguyen\\Desktop\\github\\php-core\\vendor\\laravel\\framework\\src\\Illuminate\\Foundation\\Exceptions\\Handler.php(252): Illuminate\\Log\\LogManager->error('Directory name ...', Array)
#4 C:\\Users\\Giang Nguyen\\Desktop\\github\\php-core\\vendor\\laravel\\framework\\src\\Illuminate\\Foundation\\Console\\Kernel.php(366): Illuminate\\Foundation\\Exceptions\\Handler->report(Object(RuntimeException))
#5 C:\\Users\\Giang Nguyen\\Desktop\\github\\php-core\\vendor\\laravel\\framework\\src\\Illuminate\\Foundation\\Console\\Kernel.php(131): Illuminate\\Foundation\\Console\\Kernel->reportException(Object(RuntimeException))
#6 C:\\Users\\Giang Nguyen\\Desktop\\github\\php-core\\artisan(36): Illuminate\\Foundation\\Console\\Kernel->handle(Object(Symfony\\Component\\Console\\Input\\ArgvInput), Object(Symfony\\Component\\Console\\Output\\ConsoleOutput))
#7 {main}
"} 
[2022-10-27 10:58:45] laravel.ERROR: Directory name must not be empty. {"exception":"[object] (RuntimeException(code: 0): Directory name must not be empty. at C:\\Users\\Giang Nguyen\\Desktop\\github\\php-core\\vendor\\symfony\\finder\\Iterator\\RecursiveDirectoryIterator.php:48)
[stacktrace]
#0 C:\\Users\\Giang Nguyen\\Desktop\\github\\php-core\\vendor\\symfony\\finder\\Iterator\\RecursiveDirectoryIterator.php(48): RecursiveDirectoryIterator->__construct('', 4096)
#1 C:\\Users\\Giang Nguyen\\Desktop\\github\\php-core\\vendor\\symfony\\finder\\Finder.php(740): Symfony\\Component\\Finder\\Iterator\\RecursiveDirectoryIterator->__construct('', 4096, false)
#2 C:\\Users\\Giang Nguyen\\Desktop\\github\\php-core\\vendor\\symfony\\finder\\Finder.php(618): Symfony\\Component\\Finder\\Finder->searchInDirectory('')
#3 C:\\Users\\Giang Nguyen\\Desktop\\github\\php-core\\vendor\\laravel\\framework\\src\\Illuminate\\Foundation\\Bootstrap\\LoadConfiguration.php(88): Symfony\\Component\\Finder\\Finder->getIterator()
#4 C:\\Users\\Giang Nguyen\\Desktop\\github\\php-core\\vendor\\laravel\\framework\\src\\Illuminate\\Foundation\\Bootstrap\\LoadConfiguration.php(65): Illuminate\\Foundation\\Bootstrap\\LoadConfiguration->getConfigurationFiles(Object(Tuezy\\EE))
#5 C:\\Users\\Giang Nguyen\\Desktop\\github\\php-core\\vendor\\laravel\\framework\\src\\Illuminate\\Foundation\\Bootstrap\\LoadConfiguration.php(39): Illuminate\\Foundation\\Bootstrap\\LoadConfiguration->loadConfigurationFiles(Object(Tuezy\\EE), Object(Illuminate\\Config\\Repository))
#6 C:\\Users\\Giang Nguyen\\Desktop\\github\\php-core\\vendor\\laravel\\framework\\src\\Illuminate\\Foundation\\Application.php(237): Illuminate\\Foundation\\Bootstrap\\LoadConfiguration->bootstrap(Object(Tuezy\\EE))
#7 C:\\Users\\Giang Nguyen\\Desktop\\github\\php-core\\vendor\\laravel\\framework\\src\\Illuminate\\Foundation\\Console\\Kernel.php(310): Illuminate\\Foundation\\Application->bootstrapWith(Array)
#8 C:\\Users\\Giang Nguyen\\Desktop\\github\\php-core\\vendor\\laravel\\framework\\src\\Illuminate\\Foundation\\Console\\Kernel.php(127): Illuminate\\Foundation\\Console\\Kernel->bootstrap()
#9 C:\\Users\\Giang Nguyen\\Desktop\\github\\php-core\\artisan(36): Illuminate\\Foundation\\Console\\Kernel->handle(Object(Symfony\\Component\\Console\\Input\\ArgvInput), Object(Symfony\\Component\\Console\\Output\\ConsoleOutput))
#10 {main}
"} 
[2022-10-28 05:52:40] local.ERROR: require(C:\Users\Giang Nguyen\Desktop\github\php-core\Illuminate\Contracts\Foundation\ExceptionRenderer.php): failed to open stream: No such file or directory {"exception":"[object] (ErrorException(code: 0): require(C:\\Users\\Giang Nguyen\\Desktop\\github\\php-core\\Illuminate\\Contracts\\Foundation\\ExceptionRenderer.php): failed to open stream: No such file or directory at C:\\Users\\Giang Nguyen\\Desktop\\github\\php-core\\src\\autoload.php:5)
[stacktrace]
#0 C:\\Users\\Giang Nguyen\\Desktop\\github\\php-core\\src\\autoload.php(5): Illuminate\\Foundation\\Bootstrap\\HandleExceptions->handleError(2, 'require(C:\\\\User...', 'C:\\\\Users\\\\Giang ...', 5, Array)
#1 C:\\Users\\Giang Nguyen\\Desktop\\github\\php-core\\src\\autoload.php(5): require()
#2 [internal function]: my_autoloader('Illuminate\\\\Cont...')
#3 [internal function]: spl_autoload_call('Illuminate\\\\Cont...')
#4 C:\\Users\\Giang Nguyen\\Desktop\\github\\php-core\\framework\\laravel\\8.x\\vendor\\facade\\ignition\\src\\IgnitionServiceProvider.php(233): interface_exists('Illuminate\\\\Cont...')
#5 C:\\Users\\Giang Nguyen\\Desktop\\github\\php-core\\framework\\laravel\\8.x\\vendor\\facade\\ignition\\src\\IgnitionServiceProvider.php(133): Facade\\Ignition\\IgnitionServiceProvider->registerExceptionRenderer()
#6 C:\\Users\\Giang Nguyen\\Desktop\\github\\php-core\\framework\\laravel\\8.x\\vendor\\laravel\\framework\\src\\Illuminate\\Foundation\\Application.php(682): Facade\\Ignition\\IgnitionServiceProvider->register()
#7 C:\\Users\\Giang Nguyen\\Desktop\\github\\php-core\\framework\\laravel\\8.x\\vendor\\laravel\\framework\\src\\Illuminate\\Foundation\\ProviderRepository.php(75): Illuminate\\Foundation\\Application->register(Object(Facade\\Ignition\\IgnitionServiceProvider))
#8 C:\\Users\\Giang Nguyen\\Desktop\\github\\php-core\\framework\\laravel\\8.x\\vendor\\laravel\\framework\\src\\Illuminate\\Foundation\\Application.php(659): Illuminate\\Foundation\\ProviderRepository->load(Array)
#9 C:\\Users\\Giang Nguyen\\Desktop\\github\\php-core\\framework\\laravel\\8.x\\vendor\\laravel\\framework\\src\\Illuminate\\Foundation\\Bootstrap\\RegisterProviders.php(17): Illuminate\\Foundation\\Application->registerConfiguredProviders()
#10 C:\\Users\\Giang Nguyen\\Desktop\\github\\php-core\\framework\\laravel\\8.x\\vendor\\laravel\\framework\\src\\Illuminate\\Foundation\\Application.php(237): Illuminate\\Foundation\\Bootstrap\\RegisterProviders->bootstrap(Object(Illuminate\\Foundation\\Application))
#11 C:\\Users\\Giang Nguyen\\Desktop\\github\\php-core\\framework\\laravel\\8.x\\vendor\\laravel\\framework\\src\\Illuminate\\Foundation\\Http\\Kernel.php(153): Illuminate\\Foundation\\Application->bootstrapWith(Array)
#12 C:\\Users\\Giang Nguyen\\Desktop\\github\\php-core\\framework\\laravel\\8.x\\vendor\\laravel\\framework\\src\\Illuminate\\Foundation\\Http\\Kernel.php(137): Illuminate\\Foundation\\Http\\Kernel->bootstrap()
#13 C:\\Users\\Giang Nguyen\\Desktop\\github\\php-core\\framework\\laravel\\8.x\\vendor\\laravel\\framework\\src\\Illuminate\\Foundation\\Http\\Kernel.php(111): Illuminate\\Foundation\\Http\\Kernel->sendRequestThroughRouter(Object(Illuminate\\Http\\Request))
#14 C:\\Users\\Giang Nguyen\\Desktop\\github\\php-core\\index.php(21): Illuminate\\Foundation\\Http\\Kernel->handle(Object(Illuminate\\Http\\Request))
#15 {main}
"} 
[2022-10-28 05:55:37] local.ERROR: require(C:\Users\Giang Nguyen\Desktop\github\php-core\src\routes.php): failed to open stream: No such file or directory {"exception":"[object] (ErrorException(code: 0): require(C:\\Users\\Giang Nguyen\\Desktop\\github\\php-core\\src\\routes.php): failed to open stream: No such file or directory at C:\\Users\\Giang Nguyen\\Desktop\\github\\php-core\\framework\\laravel\\8.x\\vendor\\laravel\\framework\\src\\Illuminate\\Support\\ServiceProvider.php:152)
[stacktrace]
#0 C:\\Users\\Giang Nguyen\\Desktop\\github\\php-core\\framework\\laravel\\8.x\\vendor\\laravel\\framework\\src\\Illuminate\\Support\\ServiceProvider.php(152): Illuminate\\Foundation\\Bootstrap\\HandleExceptions->handleError(2, 'require(C:\\\\User...', 'C:\\\\Users\\\\Giang ...', 152, Array)
#1 C:\\Users\\Giang Nguyen\\Desktop\\github\\php-core\\framework\\laravel\\8.x\\vendor\\laravel\\framework\\src\\Illuminate\\Support\\ServiceProvider.php(152): require()
#2 C:\\Users\\Giang Nguyen\\Desktop\\github\\php-core\\src\\Modules.php(11): Illuminate\\Support\\ServiceProvider->loadRoutesFrom('C:\\\\Users\\\\Giang ...')
#3 C:\\Users\\Giang Nguyen\\Desktop\\github\\php-core\\framework\\laravel\\8.x\\vendor\\laravel\\framework\\src\\Illuminate\\Container\\BoundMethod.php(36): Tuezy\\Modules->boot()
#4 C:\\Users\\Giang Nguyen\\Desktop\\github\\php-core\\framework\\laravel\\8.x\\vendor\\laravel\\framework\\src\\Illuminate\\Container\\Util.php(40): Illuminate\\Container\\BoundMethod::Illuminate\\Container\\{closure}()
#5 C:\\Users\\Giang Nguyen\\Desktop\\github\\php-core\\framework\\laravel\\8.x\\vendor\\laravel\\framework\\src\\Illuminate\\Container\\BoundMethod.php(93): Illuminate\\Container\\Util::unwrapIfClosure(Object(Closure))
#6 C:\\Users\\Giang Nguyen\\Desktop\\github\\php-core\\framework\\laravel\\8.x\\vendor\\laravel\\framework\\src\\Illuminate\\Container\\BoundMethod.php(37): Illuminate\\Container\\BoundMethod::callBoundMethod(Object(Illuminate\\Foundation\\Application), Array, Object(Closure))
#7 C:\\Users\\Giang Nguyen\\Desktop\\github\\php-core\\framework\\laravel\\8.x\\vendor\\laravel\\framework\\src\\Illuminate\\Container\\Container.php(653): Illuminate\\Container\\BoundMethod::call(Object(Illuminate\\Foundation\\Application), Array, Array, NULL)
#8 C:\\Users\\Giang Nguyen\\Desktop\\github\\php-core\\framework\\laravel\\8.x\\vendor\\laravel\\framework\\src\\Illuminate\\Foundation\\Application.php(924): Illuminate\\Container\\Container->call(Array)
#9 C:\\Users\\Giang Nguyen\\Desktop\\github\\php-core\\framework\\laravel\\8.x\\vendor\\laravel\\framework\\src\\Illuminate\\Foundation\\Application.php(905): Illuminate\\Foundation\\Application->bootProvider(Object(Tuezy\\Modules))
#10 [internal function]: Illuminate\\Foundation\\Application->Illuminate\\Foundation\\{closure}(Object(Tuezy\\Modules), 3)
#11 C:\\Users\\Giang Nguyen\\Desktop\\github\\php-core\\framework\\laravel\\8.x\\vendor\\laravel\\framework\\src\\Illuminate\\Foundation\\Application.php(906): array_walk(Array, Object(Closure))
#12 C:\\Users\\Giang Nguyen\\Desktop\\github\\php-core\\framework\\laravel\\8.x\\vendor\\laravel\\framework\\src\\Illuminate\\Foundation\\Bootstrap\\BootProviders.php(17): Illuminate\\Foundation\\Application->boot()
#13 C:\\Users\\Giang Nguyen\\Desktop\\github\\php-core\\framework\\laravel\\8.x\\vendor\\laravel\\framework\\src\\Illuminate\\Foundation\\Application.php(237): Illuminate\\Foundation\\Bootstrap\\BootProviders->bootstrap(Object(Illuminate\\Foundation\\Application))
#14 C:\\Users\\Giang Nguyen\\Desktop\\github\\php-core\\framework\\laravel\\8.x\\vendor\\laravel\\framework\\src\\Illuminate\\Foundation\\Http\\Kernel.php(153): Illuminate\\Foundation\\Application->bootstrapWith(Array)
#15 C:\\Users\\Giang Nguyen\\Desktop\\github\\php-core\\framework\\laravel\\8.x\\vendor\\laravel\\framework\\src\\Illuminate\\Foundation\\Http\\Kernel.php(137): Illuminate\\Foundation\\Http\\Kernel->bootstrap()
#16 C:\\Users\\Giang Nguyen\\Desktop\\github\\php-core\\framework\\laravel\\8.x\\vendor\\laravel\\framework\\src\\Illuminate\\Foundation\\Http\\Kernel.php(111): Illuminate\\Foundation\\Http\\Kernel->sendRequestThroughRouter(Object(Illuminate\\Http\\Request))
#17 C:\\Users\\Giang Nguyen\\Desktop\\github\\php-core\\index.php(21): Illuminate\\Foundation\\Http\\Kernel->handle(Object(Illuminate\\Http\\Request))
#18 {main}
"} 
[2022-10-28 05:57:43] local.ERROR: require(C:\Users\Giang Nguyen\Desktop\github\php-core\src\routes.php): failed to open stream: No such file or directory {"exception":"[object] (ErrorException(code: 0): require(C:\\Users\\Giang Nguyen\\Desktop\\github\\php-core\\src\\routes.php): failed to open stream: No such file or directory at C:\\Users\\Giang Nguyen\\Desktop\\github\\php-core\\framework\\laravel\\8.x\\vendor\\laravel\\framework\\src\\Illuminate\\Support\\ServiceProvider.php:152)
[stacktrace]
#0 C:\\Users\\Giang Nguyen\\Desktop\\github\\php-core\\framework\\laravel\\8.x\\vendor\\laravel\\framework\\src\\Illuminate\\Support\\ServiceProvider.php(152): Illuminate\\Foundation\\Bootstrap\\HandleExceptions->handleError(2, 'require(C:\\\\User...', 'C:\\\\Users\\\\Giang ...', 152, Array)
#1 C:\\Users\\Giang Nguyen\\Desktop\\github\\php-core\\framework\\laravel\\8.x\\vendor\\laravel\\framework\\src\\Illuminate\\Support\\ServiceProvider.php(152): require()
#2 C:\\Users\\Giang Nguyen\\Desktop\\github\\php-core\\src\\Modules.php(11): Illuminate\\Support\\ServiceProvider->loadRoutesFrom('C:\\\\Users\\\\Giang ...')
#3 C:\\Users\\Giang Nguyen\\Desktop\\github\\php-core\\framework\\laravel\\8.x\\vendor\\laravel\\framework\\src\\Illuminate\\Container\\BoundMethod.php(36): Tuezy\\Modules->boot()
#4 C:\\Users\\Giang Nguyen\\Desktop\\github\\php-core\\framework\\laravel\\8.x\\vendor\\laravel\\framework\\src\\Illuminate\\Container\\Util.php(40): Illuminate\\Container\\BoundMethod::Illuminate\\Container\\{closure}()
#5 C:\\Users\\Giang Nguyen\\Desktop\\github\\php-core\\framework\\laravel\\8.x\\vendor\\laravel\\framework\\src\\Illuminate\\Container\\BoundMethod.php(93): Illuminate\\Container\\Util::unwrapIfClosure(Object(Closure))
#6 C:\\Users\\Giang Nguyen\\Desktop\\github\\php-core\\framework\\laravel\\8.x\\vendor\\laravel\\framework\\src\\Illuminate\\Container\\BoundMethod.php(37): Illuminate\\Container\\BoundMethod::callBoundMethod(Object(Illuminate\\Foundation\\Application), Array, Object(Closure))
#7 C:\\Users\\Giang Nguyen\\Desktop\\github\\php-core\\framework\\laravel\\8.x\\vendor\\laravel\\framework\\src\\Illuminate\\Container\\Container.php(653): Illuminate\\Container\\BoundMethod::call(Object(Illuminate\\Foundation\\Application), Array, Array, NULL)
#8 C:\\Users\\Giang Nguyen\\Desktop\\github\\php-core\\framework\\laravel\\8.x\\vendor\\laravel\\framework\\src\\Illuminate\\Foundation\\Application.php(924): Illuminate\\Container\\Container->call(Array)
#9 C:\\Users\\Giang Nguyen\\Desktop\\github\\php-core\\framework\\laravel\\8.x\\vendor\\laravel\\framework\\src\\Illuminate\\Foundation\\Application.php(905): Illuminate\\Foundation\\Application->bootProvider(Object(Tuezy\\Modules))
#10 [internal function]: Illuminate\\Foundation\\Application->Illuminate\\Foundation\\{closure}(Object(Tuezy\\Modules), 3)
#11 C:\\Users\\Giang Nguyen\\Desktop\\github\\php-core\\framework\\laravel\\8.x\\vendor\\laravel\\framework\\src\\Illuminate\\Foundation\\Application.php(906): array_walk(Array, Object(Closure))
#12 C:\\Users\\Giang Nguyen\\Desktop\\github\\php-core\\framework\\laravel\\8.x\\vendor\\laravel\\framework\\src\\Illuminate\\Foundation\\Bootstrap\\BootProviders.php(17): Illuminate\\Foundation\\Application->boot()
#13 C:\\Users\\Giang Nguyen\\Desktop\\github\\php-core\\framework\\laravel\\8.x\\vendor\\laravel\\framework\\src\\Illuminate\\Foundation\\Application.php(237): Illuminate\\Foundation\\Bootstrap\\BootProviders->bootstrap(Object(Illuminate\\Foundation\\Application))
#14 C:\\Users\\Giang Nguyen\\Desktop\\github\\php-core\\framework\\laravel\\8.x\\vendor\\laravel\\framework\\src\\Illuminate\\Foundation\\Http\\Kernel.php(153): Illuminate\\Foundation\\Application->bootstrapWith(Array)
#15 C:\\Users\\Giang Nguyen\\Desktop\\github\\php-core\\framework\\laravel\\8.x\\vendor\\laravel\\framework\\src\\Illuminate\\Foundation\\Http\\Kernel.php(137): Illuminate\\Foundation\\Http\\Kernel->bootstrap()
#16 C:\\Users\\Giang Nguyen\\Desktop\\github\\php-core\\framework\\laravel\\8.x\\vendor\\laravel\\framework\\src\\Illuminate\\Foundation\\Http\\Kernel.php(111): Illuminate\\Foundation\\Http\\Kernel->sendRequestThroughRouter(Object(Illuminate\\Http\\Request))
#17 C:\\Users\\Giang Nguyen\\Desktop\\github\\php-core\\index.php(21): Illuminate\\Foundation\\Http\\Kernel->handle(Object(Illuminate\\Http\\Request))
#18 {main}
"} 
[2022-10-28 06:39:02] local.ERROR: require(C:\Users\Giang Nguyen\Desktop\github\php-core\src\ServiceProviders\routes.php): failed to open stream: No such file or directory {"exception":"[object] (ErrorException(code: 0): require(C:\\Users\\Giang Nguyen\\Desktop\\github\\php-core\\src\\ServiceProviders\\routes.php): failed to open stream: No such file or directory at C:\\Users\\Giang Nguyen\\Desktop\\github\\php-core\\framework\\laravel\\8.x\\vendor\\laravel\\framework\\src\\Illuminate\\Support\\ServiceProvider.php:152)
[stacktrace]
#0 C:\\Users\\Giang Nguyen\\Desktop\\github\\php-core\\framework\\laravel\\8.x\\vendor\\laravel\\framework\\src\\Illuminate\\Support\\ServiceProvider.php(152): Illuminate\\Foundation\\Bootstrap\\HandleExceptions->handleError(2, 'require(C:\\\\User...', 'C:\\\\Users\\\\Giang ...', 152, Array)
#1 C:\\Users\\Giang Nguyen\\Desktop\\github\\php-core\\framework\\laravel\\8.x\\vendor\\laravel\\framework\\src\\Illuminate\\Support\\ServiceProvider.php(152): require()
#2 C:\\Users\\Giang Nguyen\\Desktop\\github\\php-core\\src\\ServiceProviders\\RoutesProvider.php(10): Illuminate\\Support\\ServiceProvider->loadRoutesFrom('C:\\\\Users\\\\Giang ...')
#3 C:\\Users\\Giang Nguyen\\Desktop\\github\\php-core\\framework\\laravel\\8.x\\vendor\\laravel\\framework\\src\\Illuminate\\Container\\BoundMethod.php(36): Tuezy\\ServiceProviders\\RoutesProvider->boot()
#4 C:\\Users\\Giang Nguyen\\Desktop\\github\\php-core\\framework\\laravel\\8.x\\vendor\\laravel\\framework\\src\\Illuminate\\Container\\Util.php(40): Illuminate\\Container\\BoundMethod::Illuminate\\Container\\{closure}()
#5 C:\\Users\\Giang Nguyen\\Desktop\\github\\php-core\\framework\\laravel\\8.x\\vendor\\laravel\\framework\\src\\Illuminate\\Container\\BoundMethod.php(93): Illuminate\\Container\\Util::unwrapIfClosure(Object(Closure))
#6 C:\\Users\\Giang Nguyen\\Desktop\\github\\php-core\\framework\\laravel\\8.x\\vendor\\laravel\\framework\\src\\Illuminate\\Container\\BoundMethod.php(37): Illuminate\\Container\\BoundMethod::callBoundMethod(Object(Illuminate\\Foundation\\Application), Array, Object(Closure))
#7 C:\\Users\\Giang Nguyen\\Desktop\\github\\php-core\\framework\\laravel\\8.x\\vendor\\laravel\\framework\\src\\Illuminate\\Container\\Container.php(653): Illuminate\\Container\\BoundMethod::call(Object(Illuminate\\Foundation\\Application), Array, Array, NULL)
#8 C:\\Users\\Giang Nguyen\\Desktop\\github\\php-core\\framework\\laravel\\8.x\\vendor\\laravel\\framework\\src\\Illuminate\\Foundation\\Application.php(924): Illuminate\\Container\\Container->call(Array)
#9 C:\\Users\\Giang Nguyen\\Desktop\\github\\php-core\\framework\\laravel\\8.x\\vendor\\laravel\\framework\\src\\Illuminate\\Foundation\\Application.php(905): Illuminate\\Foundation\\Application->bootProvider(Object(Tuezy\\ServiceProviders\\RoutesProvider))
#10 [internal function]: Illuminate\\Foundation\\Application->Illuminate\\Foundation\\{closure}(Object(Tuezy\\ServiceProviders\\RoutesProvider), 3)
#11 C:\\Users\\Giang Nguyen\\Desktop\\github\\php-core\\framework\\laravel\\8.x\\vendor\\laravel\\framework\\src\\Illuminate\\Foundation\\Application.php(906): array_walk(Array, Object(Closure))
#12 C:\\Users\\Giang Nguyen\\Desktop\\github\\php-core\\framework\\laravel\\8.x\\vendor\\laravel\\framework\\src\\Illuminate\\Foundation\\Bootstrap\\BootProviders.php(17): Illuminate\\Foundation\\Application->boot()
#13 C:\\Users\\Giang Nguyen\\Desktop\\github\\php-core\\framework\\laravel\\8.x\\vendor\\laravel\\framework\\src\\Illuminate\\Foundation\\Application.php(237): Illuminate\\Foundation\\Bootstrap\\BootProviders->bootstrap(Object(Illuminate\\Foundation\\Application))
#14 C:\\Users\\Giang Nguyen\\Desktop\\github\\php-core\\framework\\laravel\\8.x\\vendor\\laravel\\framework\\src\\Illuminate\\Foundation\\Http\\Kernel.php(153): Illuminate\\Foundation\\Application->bootstrapWith(Array)
#15 C:\\Users\\Giang Nguyen\\Desktop\\github\\php-core\\framework\\laravel\\8.x\\vendor\\laravel\\framework\\src\\Illuminate\\Foundation\\Http\\Kernel.php(137): Illuminate\\Foundation\\Http\\Kernel->bootstrap()
#16 C:\\Users\\Giang Nguyen\\Desktop\\github\\php-core\\framework\\laravel\\8.x\\vendor\\laravel\\framework\\src\\Illuminate\\Foundation\\Http\\Kernel.php(111): Illuminate\\Foundation\\Http\\Kernel->sendRequestThroughRouter(Object(Illuminate\\Http\\Request))
#17 C:\\Users\\Giang Nguyen\\Desktop\\github\\php-core\\index.php(23): Illuminate\\Foundation\\Http\\Kernel->handle(Object(Illuminate\\Http\\Request))
#18 {main}
"} 
[2022-10-28 06:58:40] local.ERROR: require(C:\Users\Giang Nguyen\Desktop\github\php-core\src\ServiceProviders\routes.php): failed to open stream: No such file or directory {"exception":"[object] (ErrorException(code: 0): require(C:\\Users\\Giang Nguyen\\Desktop\\github\\php-core\\src\\ServiceProviders\\routes.php): failed to open stream: No such file or directory at C:\\Users\\Giang Nguyen\\Desktop\\github\\php-core\\framework\\laravel\\8.x\\vendor\\laravel\\framework\\src\\Illuminate\\Support\\ServiceProvider.php:152)
[stacktrace]
#0 C:\\Users\\Giang Nguyen\\Desktop\\github\\php-core\\framework\\laravel\\8.x\\vendor\\laravel\\framework\\src\\Illuminate\\Support\\ServiceProvider.php(152): Illuminate\\Foundation\\Bootstrap\\HandleExceptions->handleError(2, 'require(C:\\\\User...', 'C:\\\\Users\\\\Giang ...', 152, Array)
#1 C:\\Users\\Giang Nguyen\\Desktop\\github\\php-core\\framework\\laravel\\8.x\\vendor\\laravel\\framework\\src\\Illuminate\\Support\\ServiceProvider.php(152): require()
#2 C:\\Users\\Giang Nguyen\\Desktop\\github\\php-core\\src\\ServiceProviders\\RoutesProvider.php(10): Illuminate\\Support\\ServiceProvider->loadRoutesFrom('C:\\\\Users\\\\Giang ...')
#3 C:\\Users\\Giang Nguyen\\Desktop\\github\\php-core\\framework\\laravel\\8.x\\vendor\\laravel\\framework\\src\\Illuminate\\Container\\BoundMethod.php(36): Tuezy\\ServiceProviders\\RoutesProvider->boot()
#4 C:\\Users\\Giang Nguyen\\Desktop\\github\\php-core\\framework\\laravel\\8.x\\vendor\\laravel\\framework\\src\\Illuminate\\Container\\Util.php(40): Illuminate\\Container\\BoundMethod::Illuminate\\Container\\{closure}()
#5 C:\\Users\\Giang Nguyen\\Desktop\\github\\php-core\\framework\\laravel\\8.x\\vendor\\laravel\\framework\\src\\Illuminate\\Container\\BoundMethod.php(93): Illuminate\\Container\\Util::unwrapIfClosure(Object(Closure))
#6 C:\\Users\\Giang Nguyen\\Desktop\\github\\php-core\\framework\\laravel\\8.x\\vendor\\laravel\\framework\\src\\Illuminate\\Container\\BoundMethod.php(37): Illuminate\\Container\\BoundMethod::callBoundMethod(Object(Illuminate\\Foundation\\Application), Array, Object(Closure))
#7 C:\\Users\\Giang Nguyen\\Desktop\\github\\php-core\\framework\\laravel\\8.x\\vendor\\laravel\\framework\\src\\Illuminate\\Container\\Container.php(653): Illuminate\\Container\\BoundMethod::call(Object(Illuminate\\Foundation\\Application), Array, Array, NULL)
#8 C:\\Users\\Giang Nguyen\\Desktop\\github\\php-core\\framework\\laravel\\8.x\\vendor\\laravel\\framework\\src\\Illuminate\\Foundation\\Application.php(924): Illuminate\\Container\\Container->call(Array)
#9 C:\\Users\\Giang Nguyen\\Desktop\\github\\php-core\\framework\\laravel\\8.x\\vendor\\laravel\\framework\\src\\Illuminate\\Foundation\\Application.php(905): Illuminate\\Foundation\\Application->bootProvider(Object(Tuezy\\ServiceProviders\\RoutesProvider))
#10 [internal function]: Illuminate\\Foundation\\Application->Illuminate\\Foundation\\{closure}(Object(Tuezy\\ServiceProviders\\RoutesProvider), 3)
#11 C:\\Users\\Giang Nguyen\\Desktop\\github\\php-core\\framework\\laravel\\8.x\\vendor\\laravel\\framework\\src\\Illuminate\\Foundation\\Application.php(906): array_walk(Array, Object(Closure))
#12 C:\\Users\\Giang Nguyen\\Desktop\\github\\php-core\\framework\\laravel\\8.x\\vendor\\laravel\\framework\\src\\Illuminate\\Foundation\\Bootstrap\\BootProviders.php(17): Illuminate\\Foundation\\Application->boot()
#13 C:\\Users\\Giang Nguyen\\Desktop\\github\\php-core\\framework\\laravel\\8.x\\vendor\\laravel\\framework\\src\\Illuminate\\Foundation\\Application.php(237): Illuminate\\Foundation\\Bootstrap\\BootProviders->bootstrap(Object(Illuminate\\Foundation\\Application))
#14 C:\\Users\\Giang Nguyen\\Desktop\\github\\php-core\\framework\\laravel\\8.x\\vendor\\laravel\\framework\\src\\Illuminate\\Foundation\\Http\\Kernel.php(153): Illuminate\\Foundation\\Application->bootstrapWith(Array)
#15 C:\\Users\\Giang Nguyen\\Desktop\\github\\php-core\\framework\\laravel\\8.x\\vendor\\laravel\\framework\\src\\Illuminate\\Foundation\\Http\\Kernel.php(137): Illuminate\\Foundation\\Http\\Kernel->bootstrap()
#16 C:\\Users\\Giang Nguyen\\Desktop\\github\\php-core\\framework\\laravel\\8.x\\vendor\\laravel\\framework\\src\\Illuminate\\Foundation\\Http\\Kernel.php(111): Illuminate\\Foundation\\Http\\Kernel->sendRequestThroughRouter(Object(Illuminate\\Http\\Request))
#17 C:\\Users\\Giang Nguyen\\Desktop\\github\\php-core\\index.php(25): Illuminate\\Foundation\\Http\\Kernel->handle(Object(Illuminate\\Http\\Request))
#18 {main}
"} 
[2022-10-28 06:58:54] local.ERROR: require(C:\Users\Giang Nguyen\Desktop\github\php-core\src\ServiceProviders\../routes.php): failed to open stream: No such file or directory {"exception":"[object] (ErrorException(code: 0): require(C:\\Users\\Giang Nguyen\\Desktop\\github\\php-core\\src\\ServiceProviders\\../routes.php): failed to open stream: No such file or directory at C:\\Users\\Giang Nguyen\\Desktop\\github\\php-core\\framework\\laravel\\8.x\\vendor\\laravel\\framework\\src\\Illuminate\\Support\\ServiceProvider.php:152)
[stacktrace]
#0 C:\\Users\\Giang Nguyen\\Desktop\\github\\php-core\\framework\\laravel\\8.x\\vendor\\laravel\\framework\\src\\Illuminate\\Support\\ServiceProvider.php(152): Illuminate\\Foundation\\Bootstrap\\HandleExceptions->handleError(2, 'require(C:\\\\User...', 'C:\\\\Users\\\\Giang ...', 152, Array)
#1 C:\\Users\\Giang Nguyen\\Desktop\\github\\php-core\\framework\\laravel\\8.x\\vendor\\laravel\\framework\\src\\Illuminate\\Support\\ServiceProvider.php(152): require()
#2 C:\\Users\\Giang Nguyen\\Desktop\\github\\php-core\\src\\ServiceProviders\\RoutesProvider.php(10): Illuminate\\Support\\ServiceProvider->loadRoutesFrom('C:\\\\Users\\\\Giang ...')
#3 C:\\Users\\Giang Nguyen\\Desktop\\github\\php-core\\framework\\laravel\\8.x\\vendor\\laravel\\framework\\src\\Illuminate\\Container\\BoundMethod.php(36): Tuezy\\ServiceProviders\\RoutesProvider->boot()
#4 C:\\Users\\Giang Nguyen\\Desktop\\github\\php-core\\framework\\laravel\\8.x\\vendor\\laravel\\framework\\src\\Illuminate\\Container\\Util.php(40): Illuminate\\Container\\BoundMethod::Illuminate\\Container\\{closure}()
#5 C:\\Users\\Giang Nguyen\\Desktop\\github\\php-core\\framework\\laravel\\8.x\\vendor\\laravel\\framework\\src\\Illuminate\\Container\\BoundMethod.php(93): Illuminate\\Container\\Util::unwrapIfClosure(Object(Closure))
#6 C:\\Users\\Giang Nguyen\\Desktop\\github\\php-core\\framework\\laravel\\8.x\\vendor\\laravel\\framework\\src\\Illuminate\\Container\\BoundMethod.php(37): Illuminate\\Container\\BoundMethod::callBoundMethod(Object(Illuminate\\Foundation\\Application), Array, Object(Closure))
#7 C:\\Users\\Giang Nguyen\\Desktop\\github\\php-core\\framework\\laravel\\8.x\\vendor\\laravel\\framework\\src\\Illuminate\\Container\\Container.php(653): Illuminate\\Container\\BoundMethod::call(Object(Illuminate\\Foundation\\Application), Array, Array, NULL)
#8 C:\\Users\\Giang Nguyen\\Desktop\\github\\php-core\\framework\\laravel\\8.x\\vendor\\laravel\\framework\\src\\Illuminate\\Foundation\\Application.php(924): Illuminate\\Container\\Container->call(Array)
#9 C:\\Users\\Giang Nguyen\\Desktop\\github\\php-core\\framework\\laravel\\8.x\\vendor\\laravel\\framework\\src\\Illuminate\\Foundation\\Application.php(905): Illuminate\\Foundation\\Application->bootProvider(Object(Tuezy\\ServiceProviders\\RoutesProvider))
#10 [internal function]: Illuminate\\Foundation\\Application->Illuminate\\Foundation\\{closure}(Object(Tuezy\\ServiceProviders\\RoutesProvider), 3)
#11 C:\\Users\\Giang Nguyen\\Desktop\\github\\php-core\\framework\\laravel\\8.x\\vendor\\laravel\\framework\\src\\Illuminate\\Foundation\\Application.php(906): array_walk(Array, Object(Closure))
#12 C:\\Users\\Giang Nguyen\\Desktop\\github\\php-core\\framework\\laravel\\8.x\\vendor\\laravel\\framework\\src\\Illuminate\\Foundation\\Bootstrap\\BootProviders.php(17): Illuminate\\Foundation\\Application->boot()
#13 C:\\Users\\Giang Nguyen\\Desktop\\github\\php-core\\framework\\laravel\\8.x\\vendor\\laravel\\framework\\src\\Illuminate\\Foundation\\Application.php(237): Illuminate\\Foundation\\Bootstrap\\BootProviders->bootstrap(Object(Illuminate\\Foundation\\Application))
#14 C:\\Users\\Giang Nguyen\\Desktop\\github\\php-core\\framework\\laravel\\8.x\\vendor\\laravel\\framework\\src\\Illuminate\\Foundation\\Http\\Kernel.php(153): Illuminate\\Foundation\\Application->bootstrapWith(Array)
#15 C:\\Users\\Giang Nguyen\\Desktop\\github\\php-core\\framework\\laravel\\8.x\\vendor\\laravel\\framework\\src\\Illuminate\\Foundation\\Http\\Kernel.php(137): Illuminate\\Foundation\\Http\\Kernel->bootstrap()
#16 C:\\Users\\Giang Nguyen\\Desktop\\github\\php-core\\framework\\laravel\\8.x\\vendor\\laravel\\framework\\src\\Illuminate\\Foundation\\Http\\Kernel.php(111): Illuminate\\Foundation\\Http\\Kernel->sendRequestThroughRouter(Object(Illuminate\\Http\\Request))
#17 C:\\Users\\Giang Nguyen\\Desktop\\github\\php-core\\index.php(25): Illuminate\\Foundation\\Http\\Kernel->handle(Object(Illuminate\\Http\\Request))
#18 {main}
"} 
