[2022-11-01 11:01:48] local.ERROR: Undefined variable: menuItems (View: C:\Users\Giang Nguyen\Desktop\github\php-core\Modules\Dashboard\Views\index.blade.php) {"exception":"[object] (Illuminate\\View\\ViewException(code: 0): Undefined variable: menuItems (View: C:\\Users\\Giang Nguyen\\Desktop\\github\\php-core\\Modules\\Dashboard\\Views\\index.blade.php) at C:\\Users\\Giang Nguyen\\Desktop\\github\\php-core\\Resources\\storage\\framework\\views\\369ba42c873ea6e4029cedde8070a7a47fb47f38.php:13)
[stacktrace]
#0 C:\\Users\\Giang Nguyen\\Desktop\\github\\php-core\\vendor\\laravel\\framework\\src\\Illuminate\\View\\Engines\\PhpEngine.php(60): Illuminate\\View\\Engines\\CompilerEngine->handleViewException(Object(ErrorException), 1)
#1 C:\\Users\\Giang Nguyen\\Desktop\\github\\php-core\\vendor\\laravel\\framework\\src\\Illuminate\\View\\Engines\\CompilerEngine.php(61): Illuminate\\View\\Engines\\PhpEngine->evaluatePath('C:\\\\Users\\\\Giang ...', Array)
#2 C:\\Users\\Giang Nguyen\\Desktop\\github\\php-core\\vendor\\laravel\\framework\\src\\Illuminate\\View\\View.php(139): Illuminate\\View\\Engines\\CompilerEngine->get('C:\\\\Users\\\\Giang ...', Array)
#3 C:\\Users\\Giang Nguyen\\Desktop\\github\\php-core\\vendor\\laravel\\framework\\src\\Illuminate\\View\\View.php(122): Illuminate\\View\\View->getContents()
#4 C:\\Users\\Giang Nguyen\\Desktop\\github\\php-core\\vendor\\laravel\\framework\\src\\Illuminate\\View\\View.php(91): Illuminate\\View\\View->renderContents()
#5 C:\\Users\\Giang Nguyen\\Desktop\\github\\php-core\\vendor\\laravel\\framework\\src\\Illuminate\\Http\\Response.php(69): Illuminate\\View\\View->render()
#6 C:\\Users\\Giang Nguyen\\Desktop\\github\\php-core\\vendor\\laravel\\framework\\src\\Illuminate\\Http\\Response.php(35): Illuminate\\Http\\Response->setContent(Object(Illuminate\\View\\View))
#7 C:\\Users\\Giang Nguyen\\Desktop\\github\\php-core\\vendor\\laravel\\framework\\src\\Illuminate\\Routing\\Router.php(820): Illuminate\\Http\\Response->__construct(Object(Illuminate\\View\\View), 200, Array)
#8 C:\\Users\\Giang Nguyen\\Desktop\\github\\php-core\\vendor\\laravel\\framework\\src\\Illuminate\\Routing\\Router.php(789): Illuminate\\Routing\\Router::toResponse(Object(Illuminate\\Http\\Request), Object(Illuminate\\View\\View))
#9 C:\\Users\\Giang Nguyen\\Desktop\\github\\php-core\\vendor\\laravel\\framework\\src\\Illuminate\\Routing\\Router.php(721): Illuminate\\Routing\\Router->prepareResponse(Object(Illuminate\\Http\\Request), Object(Illuminate\\View\\View))
#10 C:\\Users\\Giang Nguyen\\Desktop\\github\\php-core\\vendor\\laravel\\framework\\src\\Illuminate\\Pipeline\\Pipeline.php(128): Illuminate\\Routing\\Router->Illuminate\\Routing\\{closure}(Object(Illuminate\\Http\\Request))
#11 C:\\Users\\Giang Nguyen\\Desktop\\github\\php-core\\vendor\\laravel\\framework\\src\\Illuminate\\Pipeline\\Pipeline.php(103): Illuminate\\Pipeline\\Pipeline->Illuminate\\Pipeline\\{closure}(Object(Illuminate\\Http\\Request))
#12 C:\\Users\\Giang Nguyen\\Desktop\\github\\php-core\\vendor\\laravel\\framework\\src\\Illuminate\\Routing\\Router.php(723): Illuminate\\Pipeline\\Pipeline->then(Object(Closure))
#13 C:\\Users\\Giang Nguyen\\Desktop\\github\\php-core\\vendor\\laravel\\framework\\src\\Illuminate\\Routing\\Router.php(698): Illuminate\\Routing\\Router->runRouteWithinStack(Object(Illuminate\\Routing\\Route), Object(Illuminate\\Http\\Request))
#14 C:\\Users\\Giang Nguyen\\Desktop\\github\\php-core\\vendor\\laravel\\framework\\src\\Illuminate\\Routing\\Router.php(662): Illuminate\\Routing\\Router->runRoute(Object(Illuminate\\Http\\Request), Object(Illuminate\\Routing\\Route))
#15 C:\\Users\\Giang Nguyen\\Desktop\\github\\php-core\\vendor\\laravel\\framework\\src\\Illuminate\\Routing\\Router.php(651): Illuminate\\Routing\\Router->dispatchToRoute(Object(Illuminate\\Http\\Request))
#16 C:\\Users\\Giang Nguyen\\Desktop\\github\\php-core\\vendor\\laravel\\framework\\src\\Illuminate\\Foundation\\Http\\Kernel.php(167): Illuminate\\Routing\\Router->dispatch(Object(Illuminate\\Http\\Request))
#17 C:\\Users\\Giang Nguyen\\Desktop\\github\\php-core\\vendor\\laravel\\framework\\src\\Illuminate\\Pipeline\\Pipeline.php(128): Illuminate\\Foundation\\Http\\Kernel->Illuminate\\Foundation\\Http\\{closure}(Object(Illuminate\\Http\\Request))
#18 C:\\Users\\Giang Nguyen\\Desktop\\github\\php-core\\vendor\\laravel\\framework\\src\\Illuminate\\Foundation\\Http\\Middleware\\TransformsRequest.php(21): Illuminate\\Pipeline\\Pipeline->Illuminate\\Pipeline\\{closure}(Object(Illuminate\\Http\\Request))
#19 C:\\Users\\Giang Nguyen\\Desktop\\github\\php-core\\vendor\\laravel\\framework\\src\\Illuminate\\Foundation\\Http\\Middleware\\ConvertEmptyStringsToNull.php(31): Illuminate\\Foundation\\Http\\Middleware\\TransformsRequest->handle(Object(Illuminate\\Http\\Request), Object(Closure))
#20 C:\\Users\\Giang Nguyen\\Desktop\\github\\php-core\\vendor\\laravel\\framework\\src\\Illuminate\\Pipeline\\Pipeline.php(167): Illuminate\\Foundation\\Http\\Middleware\\ConvertEmptyStringsToNull->handle(Object(Illuminate\\Http\\Request), Object(Closure))
#21 C:\\Users\\Giang Nguyen\\Desktop\\github\\php-core\\vendor\\laravel\\framework\\src\\Illuminate\\Foundation\\Http\\Middleware\\TransformsRequest.php(21): Illuminate\\Pipeline\\Pipeline->Illuminate\\Pipeline\\{closure}(Object(Illuminate\\Http\\Request))
#22 C:\\Users\\Giang Nguyen\\Desktop\\github\\php-core\\vendor\\laravel\\framework\\src\\Illuminate\\Foundation\\Http\\Middleware\\TrimStrings.php(40): Illuminate\\Foundation\\Http\\Middleware\\TransformsRequest->handle(Object(Illuminate\\Http\\Request), Object(Closure))
#23 C:\\Users\\Giang Nguyen\\Desktop\\github\\php-core\\vendor\\laravel\\framework\\src\\Illuminate\\Pipeline\\Pipeline.php(167): Illuminate\\Foundation\\Http\\Middleware\\TrimStrings->handle(Object(Illuminate\\Http\\Request), Object(Closure))
#24 C:\\Users\\Giang Nguyen\\Desktop\\github\\php-core\\vendor\\laravel\\framework\\src\\Illuminate\\Foundation\\Http\\Middleware\\ValidatePostSize.php(27): Illuminate\\Pipeline\\Pipeline->Illuminate\\Pipeline\\{closure}(Object(Illuminate\\Http\\Request))
#25 C:\\Users\\Giang Nguyen\\Desktop\\github\\php-core\\vendor\\laravel\\framework\\src\\Illuminate\\Pipeline\\Pipeline.php(167): Illuminate\\Foundation\\Http\\Middleware\\ValidatePostSize->handle(Object(Illuminate\\Http\\Request), Object(Closure))
#26 C:\\Users\\Giang Nguyen\\Desktop\\github\\php-core\\vendor\\laravel\\framework\\src\\Illuminate\\Foundation\\Http\\Middleware\\PreventRequestsDuringMaintenance.php(86): Illuminate\\Pipeline\\Pipeline->Illuminate\\Pipeline\\{closure}(Object(Illuminate\\Http\\Request))
#27 C:\\Users\\Giang Nguyen\\Desktop\\github\\php-core\\vendor\\laravel\\framework\\src\\Illuminate\\Pipeline\\Pipeline.php(167): Illuminate\\Foundation\\Http\\Middleware\\PreventRequestsDuringMaintenance->handle(Object(Illuminate\\Http\\Request), Object(Closure))
#28 C:\\Users\\Giang Nguyen\\Desktop\\github\\php-core\\vendor\\fruitcake\\laravel-cors\\src\\HandleCors.php(38): Illuminate\\Pipeline\\Pipeline->Illuminate\\Pipeline\\{closure}(Object(Illuminate\\Http\\Request))
#29 C:\\Users\\Giang Nguyen\\Desktop\\github\\php-core\\vendor\\laravel\\framework\\src\\Illuminate\\Pipeline\\Pipeline.php(167): Fruitcake\\Cors\\HandleCors->handle(Object(Illuminate\\Http\\Request), Object(Closure))
#30 C:\\Users\\Giang Nguyen\\Desktop\\github\\php-core\\vendor\\laravel\\framework\\src\\Illuminate\\Http\\Middleware\\TrustProxies.php(39): Illuminate\\Pipeline\\Pipeline->Illuminate\\Pipeline\\{closure}(Object(Illuminate\\Http\\Request))
#31 C:\\Users\\Giang Nguyen\\Desktop\\github\\php-core\\vendor\\laravel\\framework\\src\\Illuminate\\Pipeline\\Pipeline.php(167): Illuminate\\Http\\Middleware\\TrustProxies->handle(Object(Illuminate\\Http\\Request), Object(Closure))
#32 C:\\Users\\Giang Nguyen\\Desktop\\github\\php-core\\vendor\\laravel\\framework\\src\\Illuminate\\Pipeline\\Pipeline.php(103): Illuminate\\Pipeline\\Pipeline->Illuminate\\Pipeline\\{closure}(Object(Illuminate\\Http\\Request))
#33 C:\\Users\\Giang Nguyen\\Desktop\\github\\php-core\\vendor\\laravel\\framework\\src\\Illuminate\\Foundation\\Http\\Kernel.php(142): Illuminate\\Pipeline\\Pipeline->then(Object(Closure))
#34 C:\\Users\\Giang Nguyen\\Desktop\\github\\php-core\\vendor\\laravel\\framework\\src\\Illuminate\\Foundation\\Http\\Kernel.php(111): Illuminate\\Foundation\\Http\\Kernel->sendRequestThroughRouter(Object(Illuminate\\Http\\Request))
#35 C:\\Users\\Giang Nguyen\\Desktop\\github\\php-core\\index.php(9): Illuminate\\Foundation\\Http\\Kernel->handle(Object(Illuminate\\Http\\Request))
#36 {main}

[previous exception] [object] (ErrorException(code: 0): Undefined variable: menuItems at C:\\Users\\Giang Nguyen\\Desktop\\github\\php-core\\Resources\\storage\\framework\\views\\369ba42c873ea6e4029cedde8070a7a47fb47f38.php:13)
[stacktrace]
#0 C:\\Users\\Giang Nguyen\\Desktop\\github\\php-core\\Resources\\storage\\framework\\views\\369ba42c873ea6e4029cedde8070a7a47fb47f38.php(13): Illuminate\\Foundation\\Bootstrap\\HandleExceptions->handleError(8, 'Undefined varia...', 'C:\\\\Users\\\\Giang ...', 13, Array)
#1 C:\\Users\\Giang Nguyen\\Desktop\\github\\php-core\\vendor\\laravel\\framework\\src\\Illuminate\\Filesystem\\Filesystem.php(107): require('C:\\\\Users\\\\Giang ...')
#2 C:\\Users\\Giang Nguyen\\Desktop\\github\\php-core\\vendor\\laravel\\framework\\src\\Illuminate\\Filesystem\\Filesystem.php(108): Illuminate\\Filesystem\\Filesystem::Illuminate\\Filesystem\\{closure}()
#3 C:\\Users\\Giang Nguyen\\Desktop\\github\\php-core\\vendor\\laravel\\framework\\src\\Illuminate\\View\\Engines\\PhpEngine.php(58): Illuminate\\Filesystem\\Filesystem->getRequire('C:\\\\Users\\\\Giang ...', Array)
#4 C:\\Users\\Giang Nguyen\\Desktop\\github\\php-core\\vendor\\laravel\\framework\\src\\Illuminate\\View\\Engines\\CompilerEngine.php(61): Illuminate\\View\\Engines\\PhpEngine->evaluatePath('C:\\\\Users\\\\Giang ...', Array)
#5 C:\\Users\\Giang Nguyen\\Desktop\\github\\php-core\\vendor\\laravel\\framework\\src\\Illuminate\\View\\View.php(139): Illuminate\\View\\Engines\\CompilerEngine->get('C:\\\\Users\\\\Giang ...', Array)
#6 C:\\Users\\Giang Nguyen\\Desktop\\github\\php-core\\vendor\\laravel\\framework\\src\\Illuminate\\View\\View.php(122): Illuminate\\View\\View->getContents()
#7 C:\\Users\\Giang Nguyen\\Desktop\\github\\php-core\\vendor\\laravel\\framework\\src\\Illuminate\\View\\View.php(91): Illuminate\\View\\View->renderContents()
#8 C:\\Users\\Giang Nguyen\\Desktop\\github\\php-core\\vendor\\laravel\\framework\\src\\Illuminate\\Http\\Response.php(69): Illuminate\\View\\View->render()
#9 C:\\Users\\Giang Nguyen\\Desktop\\github\\php-core\\vendor\\laravel\\framework\\src\\Illuminate\\Http\\Response.php(35): Illuminate\\Http\\Response->setContent(Object(Illuminate\\View\\View))
#10 C:\\Users\\Giang Nguyen\\Desktop\\github\\php-core\\vendor\\laravel\\framework\\src\\Illuminate\\Routing\\Router.php(820): Illuminate\\Http\\Response->__construct(Object(Illuminate\\View\\View), 200, Array)
#11 C:\\Users\\Giang Nguyen\\Desktop\\github\\php-core\\vendor\\laravel\\framework\\src\\Illuminate\\Routing\\Router.php(789): Illuminate\\Routing\\Router::toResponse(Object(Illuminate\\Http\\Request), Object(Illuminate\\View\\View))
#12 C:\\Users\\Giang Nguyen\\Desktop\\github\\php-core\\vendor\\laravel\\framework\\src\\Illuminate\\Routing\\Router.php(721): Illuminate\\Routing\\Router->prepareResponse(Object(Illuminate\\Http\\Request), Object(Illuminate\\View\\View))
#13 C:\\Users\\Giang Nguyen\\Desktop\\github\\php-core\\vendor\\laravel\\framework\\src\\Illuminate\\Pipeline\\Pipeline.php(128): Illuminate\\Routing\\Router->Illuminate\\Routing\\{closure}(Object(Illuminate\\Http\\Request))
#14 C:\\Users\\Giang Nguyen\\Desktop\\github\\php-core\\vendor\\laravel\\framework\\src\\Illuminate\\Pipeline\\Pipeline.php(103): Illuminate\\Pipeline\\Pipeline->Illuminate\\Pipeline\\{closure}(Object(Illuminate\\Http\\Request))
#15 C:\\Users\\Giang Nguyen\\Desktop\\github\\php-core\\vendor\\laravel\\framework\\src\\Illuminate\\Routing\\Router.php(723): Illuminate\\Pipeline\\Pipeline->then(Object(Closure))
#16 C:\\Users\\Giang Nguyen\\Desktop\\github\\php-core\\vendor\\laravel\\framework\\src\\Illuminate\\Routing\\Router.php(698): Illuminate\\Routing\\Router->runRouteWithinStack(Object(Illuminate\\Routing\\Route), Object(Illuminate\\Http\\Request))
#17 C:\\Users\\Giang Nguyen\\Desktop\\github\\php-core\\vendor\\laravel\\framework\\src\\Illuminate\\Routing\\Router.php(662): Illuminate\\Routing\\Router->runRoute(Object(Illuminate\\Http\\Request), Object(Illuminate\\Routing\\Route))
#18 C:\\Users\\Giang Nguyen\\Desktop\\github\\php-core\\vendor\\laravel\\framework\\src\\Illuminate\\Routing\\Router.php(651): Illuminate\\Routing\\Router->dispatchToRoute(Object(Illuminate\\Http\\Request))
#19 C:\\Users\\Giang Nguyen\\Desktop\\github\\php-core\\vendor\\laravel\\framework\\src\\Illuminate\\Foundation\\Http\\Kernel.php(167): Illuminate\\Routing\\Router->dispatch(Object(Illuminate\\Http\\Request))
#20 C:\\Users\\Giang Nguyen\\Desktop\\github\\php-core\\vendor\\laravel\\framework\\src\\Illuminate\\Pipeline\\Pipeline.php(128): Illuminate\\Foundation\\Http\\Kernel->Illuminate\\Foundation\\Http\\{closure}(Object(Illuminate\\Http\\Request))
#21 C:\\Users\\Giang Nguyen\\Desktop\\github\\php-core\\vendor\\laravel\\framework\\src\\Illuminate\\Foundation\\Http\\Middleware\\TransformsRequest.php(21): Illuminate\\Pipeline\\Pipeline->Illuminate\\Pipeline\\{closure}(Object(Illuminate\\Http\\Request))
#22 C:\\Users\\Giang Nguyen\\Desktop\\github\\php-core\\vendor\\laravel\\framework\\src\\Illuminate\\Foundation\\Http\\Middleware\\ConvertEmptyStringsToNull.php(31): Illuminate\\Foundation\\Http\\Middleware\\TransformsRequest->handle(Object(Illuminate\\Http\\Request), Object(Closure))
#23 C:\\Users\\Giang Nguyen\\Desktop\\github\\php-core\\vendor\\laravel\\framework\\src\\Illuminate\\Pipeline\\Pipeline.php(167): Illuminate\\Foundation\\Http\\Middleware\\ConvertEmptyStringsToNull->handle(Object(Illuminate\\Http\\Request), Object(Closure))
#24 C:\\Users\\Giang Nguyen\\Desktop\\github\\php-core\\vendor\\laravel\\framework\\src\\Illuminate\\Foundation\\Http\\Middleware\\TransformsRequest.php(21): Illuminate\\Pipeline\\Pipeline->Illuminate\\Pipeline\\{closure}(Object(Illuminate\\Http\\Request))
#25 C:\\Users\\Giang Nguyen\\Desktop\\github\\php-core\\vendor\\laravel\\framework\\src\\Illuminate\\Foundation\\Http\\Middleware\\TrimStrings.php(40): Illuminate\\Foundation\\Http\\Middleware\\TransformsRequest->handle(Object(Illuminate\\Http\\Request), Object(Closure))
#26 C:\\Users\\Giang Nguyen\\Desktop\\github\\php-core\\vendor\\laravel\\framework\\src\\Illuminate\\Pipeline\\Pipeline.php(167): Illuminate\\Foundation\\Http\\Middleware\\TrimStrings->handle(Object(Illuminate\\Http\\Request), Object(Closure))
#27 C:\\Users\\Giang Nguyen\\Desktop\\github\\php-core\\vendor\\laravel\\framework\\src\\Illuminate\\Foundation\\Http\\Middleware\\ValidatePostSize.php(27): Illuminate\\Pipeline\\Pipeline->Illuminate\\Pipeline\\{closure}(Object(Illuminate\\Http\\Request))
#28 C:\\Users\\Giang Nguyen\\Desktop\\github\\php-core\\vendor\\laravel\\framework\\src\\Illuminate\\Pipeline\\Pipeline.php(167): Illuminate\\Foundation\\Http\\Middleware\\ValidatePostSize->handle(Object(Illuminate\\Http\\Request), Object(Closure))
#29 C:\\Users\\Giang Nguyen\\Desktop\\github\\php-core\\vendor\\laravel\\framework\\src\\Illuminate\\Foundation\\Http\\Middleware\\PreventRequestsDuringMaintenance.php(86): Illuminate\\Pipeline\\Pipeline->Illuminate\\Pipeline\\{closure}(Object(Illuminate\\Http\\Request))
#30 C:\\Users\\Giang Nguyen\\Desktop\\github\\php-core\\vendor\\laravel\\framework\\src\\Illuminate\\Pipeline\\Pipeline.php(167): Illuminate\\Foundation\\Http\\Middleware\\PreventRequestsDuringMaintenance->handle(Object(Illuminate\\Http\\Request), Object(Closure))
#31 C:\\Users\\Giang Nguyen\\Desktop\\github\\php-core\\vendor\\fruitcake\\laravel-cors\\src\\HandleCors.php(38): Illuminate\\Pipeline\\Pipeline->Illuminate\\Pipeline\\{closure}(Object(Illuminate\\Http\\Request))
#32 C:\\Users\\Giang Nguyen\\Desktop\\github\\php-core\\vendor\\laravel\\framework\\src\\Illuminate\\Pipeline\\Pipeline.php(167): Fruitcake\\Cors\\HandleCors->handle(Object(Illuminate\\Http\\Request), Object(Closure))
#33 C:\\Users\\Giang Nguyen\\Desktop\\github\\php-core\\vendor\\laravel\\framework\\src\\Illuminate\\Http\\Middleware\\TrustProxies.php(39): Illuminate\\Pipeline\\Pipeline->Illuminate\\Pipeline\\{closure}(Object(Illuminate\\Http\\Request))
#34 C:\\Users\\Giang Nguyen\\Desktop\\github\\php-core\\vendor\\laravel\\framework\\src\\Illuminate\\Pipeline\\Pipeline.php(167): Illuminate\\Http\\Middleware\\TrustProxies->handle(Object(Illuminate\\Http\\Request), Object(Closure))
#35 C:\\Users\\Giang Nguyen\\Desktop\\github\\php-core\\vendor\\laravel\\framework\\src\\Illuminate\\Pipeline\\Pipeline.php(103): Illuminate\\Pipeline\\Pipeline->Illuminate\\Pipeline\\{closure}(Object(Illuminate\\Http\\Request))
#36 C:\\Users\\Giang Nguyen\\Desktop\\github\\php-core\\vendor\\laravel\\framework\\src\\Illuminate\\Foundation\\Http\\Kernel.php(142): Illuminate\\Pipeline\\Pipeline->then(Object(Closure))
#37 C:\\Users\\Giang Nguyen\\Desktop\\github\\php-core\\vendor\\laravel\\framework\\src\\Illuminate\\Foundation\\Http\\Kernel.php(111): Illuminate\\Foundation\\Http\\Kernel->sendRequestThroughRouter(Object(Illuminate\\Http\\Request))
#38 C:\\Users\\Giang Nguyen\\Desktop\\github\\php-core\\index.php(9): Illuminate\\Foundation\\Http\\Kernel->handle(Object(Illuminate\\Http\\Request))
#39 {main}
"} 
[2022-11-01 11:05:55] local.ERROR: syntax error, unexpected 'endforeach' (T_ENDFOREACH), expecting elseif (T_ELSEIF) or else (T_ELSE) or endif (T_ENDIF) (View: C:\Users\Giang Nguyen\Desktop\github\php-core\Modules\Dashboard\Views\layouts\menu.blade.php) (View: C:\Users\Giang Nguyen\Desktop\github\php-core\Modules\Dashboard\Views\layouts\menu.blade.php) {"exception":"[object] (Illuminate\\View\\ViewException(code: 0): syntax error, unexpected 'endforeach' (T_ENDFOREACH), expecting elseif (T_ELSEIF) or else (T_ELSE) or endif (T_ENDIF) (View: C:\\Users\\Giang Nguyen\\Desktop\\github\\php-core\\Modules\\Dashboard\\Views\\layouts\\menu.blade.php) (View: C:\\Users\\Giang Nguyen\\Desktop\\github\\php-core\\Modules\\Dashboard\\Views\\layouts\\menu.blade.php) at C:\\Users\\Giang Nguyen\\Desktop\\github\\php-core\\Resources\\storage\\framework\\views\\8e9f02ca7fc189e4227200d978808a1db9e76e1f.php:4)
[stacktrace]
#0 C:\\Users\\Giang Nguyen\\Desktop\\github\\php-core\\vendor\\laravel\\framework\\src\\Illuminate\\View\\Engines\\PhpEngine.php(60): Illuminate\\View\\Engines\\CompilerEngine->handleViewException(Object(Illuminate\\View\\ViewException), 1)
#1 C:\\Users\\Giang Nguyen\\Desktop\\github\\php-core\\vendor\\laravel\\framework\\src\\Illuminate\\View\\Engines\\CompilerEngine.php(61): Illuminate\\View\\Engines\\PhpEngine->evaluatePath('C:\\\\Users\\\\Giang ...', Array)
#2 C:\\Users\\Giang Nguyen\\Desktop\\github\\php-core\\vendor\\laravel\\framework\\src\\Illuminate\\View\\View.php(139): Illuminate\\View\\Engines\\CompilerEngine->get('C:\\\\Users\\\\Giang ...', Array)
#3 C:\\Users\\Giang Nguyen\\Desktop\\github\\php-core\\vendor\\laravel\\framework\\src\\Illuminate\\View\\View.php(122): Illuminate\\View\\View->getContents()
#4 C:\\Users\\Giang Nguyen\\Desktop\\github\\php-core\\vendor\\laravel\\framework\\src\\Illuminate\\View\\View.php(91): Illuminate\\View\\View->renderContents()
#5 C:\\Users\\Giang Nguyen\\Desktop\\github\\php-core\\vendor\\laravel\\framework\\src\\Illuminate\\Http\\Response.php(69): Illuminate\\View\\View->render()
#6 C:\\Users\\Giang Nguyen\\Desktop\\github\\php-core\\vendor\\laravel\\framework\\src\\Illuminate\\Http\\Response.php(35): Illuminate\\Http\\Response->setContent(Object(Illuminate\\View\\View))
#7 C:\\Users\\Giang Nguyen\\Desktop\\github\\php-core\\vendor\\laravel\\framework\\src\\Illuminate\\Routing\\Router.php(820): Illuminate\\Http\\Response->__construct(Object(Illuminate\\View\\View), 200, Array)
#8 C:\\Users\\Giang Nguyen\\Desktop\\github\\php-core\\vendor\\laravel\\framework\\src\\Illuminate\\Routing\\Router.php(789): Illuminate\\Routing\\Router::toResponse(Object(Illuminate\\Http\\Request), Object(Illuminate\\View\\View))
#9 C:\\Users\\Giang Nguyen\\Desktop\\github\\php-core\\vendor\\laravel\\framework\\src\\Illuminate\\Routing\\Router.php(721): Illuminate\\Routing\\Router->prepareResponse(Object(Illuminate\\Http\\Request), Object(Illuminate\\View\\View))
#10 C:\\Users\\Giang Nguyen\\Desktop\\github\\php-core\\vendor\\laravel\\framework\\src\\Illuminate\\Pipeline\\Pipeline.php(128): Illuminate\\Routing\\Router->Illuminate\\Routing\\{closure}(Object(Illuminate\\Http\\Request))
#11 C:\\Users\\Giang Nguyen\\Desktop\\github\\php-core\\vendor\\laravel\\framework\\src\\Illuminate\\Pipeline\\Pipeline.php(103): Illuminate\\Pipeline\\Pipeline->Illuminate\\Pipeline\\{closure}(Object(Illuminate\\Http\\Request))
#12 C:\\Users\\Giang Nguyen\\Desktop\\github\\php-core\\vendor\\laravel\\framework\\src\\Illuminate\\Routing\\Router.php(723): Illuminate\\Pipeline\\Pipeline->then(Object(Closure))
#13 C:\\Users\\Giang Nguyen\\Desktop\\github\\php-core\\vendor\\laravel\\framework\\src\\Illuminate\\Routing\\Router.php(698): Illuminate\\Routing\\Router->runRouteWithinStack(Object(Illuminate\\Routing\\Route), Object(Illuminate\\Http\\Request))
#14 C:\\Users\\Giang Nguyen\\Desktop\\github\\php-core\\vendor\\laravel\\framework\\src\\Illuminate\\Routing\\Router.php(662): Illuminate\\Routing\\Router->runRoute(Object(Illuminate\\Http\\Request), Object(Illuminate\\Routing\\Route))
#15 C:\\Users\\Giang Nguyen\\Desktop\\github\\php-core\\vendor\\laravel\\framework\\src\\Illuminate\\Routing\\Router.php(651): Illuminate\\Routing\\Router->dispatchToRoute(Object(Illuminate\\Http\\Request))
#16 C:\\Users\\Giang Nguyen\\Desktop\\github\\php-core\\vendor\\laravel\\framework\\src\\Illuminate\\Foundation\\Http\\Kernel.php(167): Illuminate\\Routing\\Router->dispatch(Object(Illuminate\\Http\\Request))
#17 C:\\Users\\Giang Nguyen\\Desktop\\github\\php-core\\vendor\\laravel\\framework\\src\\Illuminate\\Pipeline\\Pipeline.php(128): Illuminate\\Foundation\\Http\\Kernel->Illuminate\\Foundation\\Http\\{closure}(Object(Illuminate\\Http\\Request))
#18 C:\\Users\\Giang Nguyen\\Desktop\\github\\php-core\\vendor\\laravel\\framework\\src\\Illuminate\\Foundation\\Http\\Middleware\\TransformsRequest.php(21): Illuminate\\Pipeline\\Pipeline->Illuminate\\Pipeline\\{closure}(Object(Illuminate\\Http\\Request))
#19 C:\\Users\\Giang Nguyen\\Desktop\\github\\php-core\\vendor\\laravel\\framework\\src\\Illuminate\\Foundation\\Http\\Middleware\\ConvertEmptyStringsToNull.php(31): Illuminate\\Foundation\\Http\\Middleware\\TransformsRequest->handle(Object(Illuminate\\Http\\Request), Object(Closure))
#20 C:\\Users\\Giang Nguyen\\Desktop\\github\\php-core\\vendor\\laravel\\framework\\src\\Illuminate\\Pipeline\\Pipeline.php(167): Illuminate\\Foundation\\Http\\Middleware\\ConvertEmptyStringsToNull->handle(Object(Illuminate\\Http\\Request), Object(Closure))
#21 C:\\Users\\Giang Nguyen\\Desktop\\github\\php-core\\vendor\\laravel\\framework\\src\\Illuminate\\Foundation\\Http\\Middleware\\TransformsRequest.php(21): Illuminate\\Pipeline\\Pipeline->Illuminate\\Pipeline\\{closure}(Object(Illuminate\\Http\\Request))
#22 C:\\Users\\Giang Nguyen\\Desktop\\github\\php-core\\vendor\\laravel\\framework\\src\\Illuminate\\Foundation\\Http\\Middleware\\TrimStrings.php(40): Illuminate\\Foundation\\Http\\Middleware\\TransformsRequest->handle(Object(Illuminate\\Http\\Request), Object(Closure))
#23 C:\\Users\\Giang Nguyen\\Desktop\\github\\php-core\\vendor\\laravel\\framework\\src\\Illuminate\\Pipeline\\Pipeline.php(167): Illuminate\\Foundation\\Http\\Middleware\\TrimStrings->handle(Object(Illuminate\\Http\\Request), Object(Closure))
#24 C:\\Users\\Giang Nguyen\\Desktop\\github\\php-core\\vendor\\laravel\\framework\\src\\Illuminate\\Foundation\\Http\\Middleware\\ValidatePostSize.php(27): Illuminate\\Pipeline\\Pipeline->Illuminate\\Pipeline\\{closure}(Object(Illuminate\\Http\\Request))
#25 C:\\Users\\Giang Nguyen\\Desktop\\github\\php-core\\vendor\\laravel\\framework\\src\\Illuminate\\Pipeline\\Pipeline.php(167): Illuminate\\Foundation\\Http\\Middleware\\ValidatePostSize->handle(Object(Illuminate\\Http\\Request), Object(Closure))
#26 C:\\Users\\Giang Nguyen\\Desktop\\github\\php-core\\vendor\\laravel\\framework\\src\\Illuminate\\Foundation\\Http\\Middleware\\PreventRequestsDuringMaintenance.php(86): Illuminate\\Pipeline\\Pipeline->Illuminate\\Pipeline\\{closure}(Object(Illuminate\\Http\\Request))
#27 C:\\Users\\Giang Nguyen\\Desktop\\github\\php-core\\vendor\\laravel\\framework\\src\\Illuminate\\Pipeline\\Pipeline.php(167): Illuminate\\Foundation\\Http\\Middleware\\PreventRequestsDuringMaintenance->handle(Object(Illuminate\\Http\\Request), Object(Closure))
#28 C:\\Users\\Giang Nguyen\\Desktop\\github\\php-core\\vendor\\fruitcake\\laravel-cors\\src\\HandleCors.php(38): Illuminate\\Pipeline\\Pipeline->Illuminate\\Pipeline\\{closure}(Object(Illuminate\\Http\\Request))
#29 C:\\Users\\Giang Nguyen\\Desktop\\github\\php-core\\vendor\\laravel\\framework\\src\\Illuminate\\Pipeline\\Pipeline.php(167): Fruitcake\\Cors\\HandleCors->handle(Object(Illuminate\\Http\\Request), Object(Closure))
#30 C:\\Users\\Giang Nguyen\\Desktop\\github\\php-core\\vendor\\laravel\\framework\\src\\Illuminate\\Http\\Middleware\\TrustProxies.php(39): Illuminate\\Pipeline\\Pipeline->Illuminate\\Pipeline\\{closure}(Object(Illuminate\\Http\\Request))
#31 C:\\Users\\Giang Nguyen\\Desktop\\github\\php-core\\vendor\\laravel\\framework\\src\\Illuminate\\Pipeline\\Pipeline.php(167): Illuminate\\Http\\Middleware\\TrustProxies->handle(Object(Illuminate\\Http\\Request), Object(Closure))
#32 C:\\Users\\Giang Nguyen\\Desktop\\github\\php-core\\vendor\\laravel\\framework\\src\\Illuminate\\Pipeline\\Pipeline.php(103): Illuminate\\Pipeline\\Pipeline->Illuminate\\Pipeline\\{closure}(Object(Illuminate\\Http\\Request))
#33 C:\\Users\\Giang Nguyen\\Desktop\\github\\php-core\\vendor\\laravel\\framework\\src\\Illuminate\\Foundation\\Http\\Kernel.php(142): Illuminate\\Pipeline\\Pipeline->then(Object(Closure))
#34 C:\\Users\\Giang Nguyen\\Desktop\\github\\php-core\\vendor\\laravel\\framework\\src\\Illuminate\\Foundation\\Http\\Kernel.php(111): Illuminate\\Foundation\\Http\\Kernel->sendRequestThroughRouter(Object(Illuminate\\Http\\Request))
#35 C:\\Users\\Giang Nguyen\\Desktop\\github\\php-core\\index.php(9): Illuminate\\Foundation\\Http\\Kernel->handle(Object(Illuminate\\Http\\Request))
#36 {main}

[previous exception] [object] (Illuminate\\View\\ViewException(code: 0): syntax error, unexpected 'endforeach' (T_ENDFOREACH), expecting elseif (T_ELSEIF) or else (T_ELSE) or endif (T_ENDIF) (View: C:\\Users\\Giang Nguyen\\Desktop\\github\\php-core\\Modules\\Dashboard\\Views\\layouts\\menu.blade.php) at C:\\Users\\Giang Nguyen\\Desktop\\github\\php-core\\Resources\\storage\\framework\\views\\8e9f02ca7fc189e4227200d978808a1db9e76e1f.php:4)
[stacktrace]
#0 C:\\Users\\Giang Nguyen\\Desktop\\github\\php-core\\vendor\\laravel\\framework\\src\\Illuminate\\View\\Engines\\PhpEngine.php(60): Illuminate\\View\\Engines\\CompilerEngine->handleViewException(Object(ParseError), 2)
#1 C:\\Users\\Giang Nguyen\\Desktop\\github\\php-core\\vendor\\laravel\\framework\\src\\Illuminate\\View\\Engines\\CompilerEngine.php(61): Illuminate\\View\\Engines\\PhpEngine->evaluatePath('C:\\\\Users\\\\Giang ...', Array)
#2 C:\\Users\\Giang Nguyen\\Desktop\\github\\php-core\\vendor\\laravel\\framework\\src\\Illuminate\\View\\View.php(139): Illuminate\\View\\Engines\\CompilerEngine->get('C:\\\\Users\\\\Giang ...', Array)
#3 C:\\Users\\Giang Nguyen\\Desktop\\github\\php-core\\vendor\\laravel\\framework\\src\\Illuminate\\View\\View.php(122): Illuminate\\View\\View->getContents()
#4 C:\\Users\\Giang Nguyen\\Desktop\\github\\php-core\\vendor\\laravel\\framework\\src\\Illuminate\\View\\View.php(91): Illuminate\\View\\View->renderContents()
#5 C:\\Users\\Giang Nguyen\\Desktop\\github\\php-core\\vendor\\laravel\\framework\\src\\Illuminate\\View\\Concerns\\ManagesComponents.php(100): Illuminate\\View\\View->render()
#6 C:\\Users\\Giang Nguyen\\Desktop\\github\\php-core\\Resources\\storage\\framework\\views\\369ba42c873ea6e4029cedde8070a7a47fb47f38.php(18): Illuminate\\View\\Factory->renderComponent()
#7 C:\\Users\\Giang Nguyen\\Desktop\\github\\php-core\\vendor\\laravel\\framework\\src\\Illuminate\\Filesystem\\Filesystem.php(107): require('C:\\\\Users\\\\Giang ...')
#8 C:\\Users\\Giang Nguyen\\Desktop\\github\\php-core\\vendor\\laravel\\framework\\src\\Illuminate\\Filesystem\\Filesystem.php(108): Illuminate\\Filesystem\\Filesystem::Illuminate\\Filesystem\\{closure}()
#9 C:\\Users\\Giang Nguyen\\Desktop\\github\\php-core\\vendor\\laravel\\framework\\src\\Illuminate\\View\\Engines\\PhpEngine.php(58): Illuminate\\Filesystem\\Filesystem->getRequire('C:\\\\Users\\\\Giang ...', Array)
#10 C:\\Users\\Giang Nguyen\\Desktop\\github\\php-core\\vendor\\laravel\\framework\\src\\Illuminate\\View\\Engines\\CompilerEngine.php(61): Illuminate\\View\\Engines\\PhpEngine->evaluatePath('C:\\\\Users\\\\Giang ...', Array)
#11 C:\\Users\\Giang Nguyen\\Desktop\\github\\php-core\\vendor\\laravel\\framework\\src\\Illuminate\\View\\View.php(139): Illuminate\\View\\Engines\\CompilerEngine->get('C:\\\\Users\\\\Giang ...', Array)
#12 C:\\Users\\Giang Nguyen\\Desktop\\github\\php-core\\vendor\\laravel\\framework\\src\\Illuminate\\View\\View.php(122): Illuminate\\View\\View->getContents()
#13 C:\\Users\\Giang Nguyen\\Desktop\\github\\php-core\\vendor\\laravel\\framework\\src\\Illuminate\\View\\View.php(91): Illuminate\\View\\View->renderContents()
#14 C:\\Users\\Giang Nguyen\\Desktop\\github\\php-core\\vendor\\laravel\\framework\\src\\Illuminate\\Http\\Response.php(69): Illuminate\\View\\View->render()
#15 C:\\Users\\Giang Nguyen\\Desktop\\github\\php-core\\vendor\\laravel\\framework\\src\\Illuminate\\Http\\Response.php(35): Illuminate\\Http\\Response->setContent(Object(Illuminate\\View\\View))
#16 C:\\Users\\Giang Nguyen\\Desktop\\github\\php-core\\vendor\\laravel\\framework\\src\\Illuminate\\Routing\\Router.php(820): Illuminate\\Http\\Response->__construct(Object(Illuminate\\View\\View), 200, Array)
#17 C:\\Users\\Giang Nguyen\\Desktop\\github\\php-core\\vendor\\laravel\\framework\\src\\Illuminate\\Routing\\Router.php(789): Illuminate\\Routing\\Router::toResponse(Object(Illuminate\\Http\\Request), Object(Illuminate\\View\\View))
#18 C:\\Users\\Giang Nguyen\\Desktop\\github\\php-core\\vendor\\laravel\\framework\\src\\Illuminate\\Routing\\Router.php(721): Illuminate\\Routing\\Router->prepareResponse(Object(Illuminate\\Http\\Request), Object(Illuminate\\View\\View))
#19 C:\\Users\\Giang Nguyen\\Desktop\\github\\php-core\\vendor\\laravel\\framework\\src\\Illuminate\\Pipeline\\Pipeline.php(128): Illuminate\\Routing\\Router->Illuminate\\Routing\\{closure}(Object(Illuminate\\Http\\Request))
#20 C:\\Users\\Giang Nguyen\\Desktop\\github\\php-core\\vendor\\laravel\\framework\\src\\Illuminate\\Pipeline\\Pipeline.php(103): Illuminate\\Pipeline\\Pipeline->Illuminate\\Pipeline\\{closure}(Object(Illuminate\\Http\\Request))
#21 C:\\Users\\Giang Nguyen\\Desktop\\github\\php-core\\vendor\\laravel\\framework\\src\\Illuminate\\Routing\\Router.php(723): Illuminate\\Pipeline\\Pipeline->then(Object(Closure))
#22 C:\\Users\\Giang Nguyen\\Desktop\\github\\php-core\\vendor\\laravel\\framework\\src\\Illuminate\\Routing\\Router.php(698): Illuminate\\Routing\\Router->runRouteWithinStack(Object(Illuminate\\Routing\\Route), Object(Illuminate\\Http\\Request))
#23 C:\\Users\\Giang Nguyen\\Desktop\\github\\php-core\\vendor\\laravel\\framework\\src\\Illuminate\\Routing\\Router.php(662): Illuminate\\Routing\\Router->runRoute(Object(Illuminate\\Http\\Request), Object(Illuminate\\Routing\\Route))
#24 C:\\Users\\Giang Nguyen\\Desktop\\github\\php-core\\vendor\\laravel\\framework\\src\\Illuminate\\Routing\\Router.php(651): Illuminate\\Routing\\Router->dispatchToRoute(Object(Illuminate\\Http\\Request))
#25 C:\\Users\\Giang Nguyen\\Desktop\\github\\php-core\\vendor\\laravel\\framework\\src\\Illuminate\\Foundation\\Http\\Kernel.php(167): Illuminate\\Routing\\Router->dispatch(Object(Illuminate\\Http\\Request))
#26 C:\\Users\\Giang Nguyen\\Desktop\\github\\php-core\\vendor\\laravel\\framework\\src\\Illuminate\\Pipeline\\Pipeline.php(128): Illuminate\\Foundation\\Http\\Kernel->Illuminate\\Foundation\\Http\\{closure}(Object(Illuminate\\Http\\Request))
#27 C:\\Users\\Giang Nguyen\\Desktop\\github\\php-core\\vendor\\laravel\\framework\\src\\Illuminate\\Foundation\\Http\\Middleware\\TransformsRequest.php(21): Illuminate\\Pipeline\\Pipeline->Illuminate\\Pipeline\\{closure}(Object(Illuminate\\Http\\Request))
#28 C:\\Users\\Giang Nguyen\\Desktop\\github\\php-core\\vendor\\laravel\\framework\\src\\Illuminate\\Foundation\\Http\\Middleware\\ConvertEmptyStringsToNull.php(31): Illuminate\\Foundation\\Http\\Middleware\\TransformsRequest->handle(Object(Illuminate\\Http\\Request), Object(Closure))
#29 C:\\Users\\Giang Nguyen\\Desktop\\github\\php-core\\vendor\\laravel\\framework\\src\\Illuminate\\Pipeline\\Pipeline.php(167): Illuminate\\Foundation\\Http\\Middleware\\ConvertEmptyStringsToNull->handle(Object(Illuminate\\Http\\Request), Object(Closure))
#30 C:\\Users\\Giang Nguyen\\Desktop\\github\\php-core\\vendor\\laravel\\framework\\src\\Illuminate\\Foundation\\Http\\Middleware\\TransformsRequest.php(21): Illuminate\\Pipeline\\Pipeline->Illuminate\\Pipeline\\{closure}(Object(Illuminate\\Http\\Request))
#31 C:\\Users\\Giang Nguyen\\Desktop\\github\\php-core\\vendor\\laravel\\framework\\src\\Illuminate\\Foundation\\Http\\Middleware\\TrimStrings.php(40): Illuminate\\Foundation\\Http\\Middleware\\TransformsRequest->handle(Object(Illuminate\\Http\\Request), Object(Closure))
#32 C:\\Users\\Giang Nguyen\\Desktop\\github\\php-core\\vendor\\laravel\\framework\\src\\Illuminate\\Pipeline\\Pipeline.php(167): Illuminate\\Foundation\\Http\\Middleware\\TrimStrings->handle(Object(Illuminate\\Http\\Request), Object(Closure))
#33 C:\\Users\\Giang Nguyen\\Desktop\\github\\php-core\\vendor\\laravel\\framework\\src\\Illuminate\\Foundation\\Http\\Middleware\\ValidatePostSize.php(27): Illuminate\\Pipeline\\Pipeline->Illuminate\\Pipeline\\{closure}(Object(Illuminate\\Http\\Request))
#34 C:\\Users\\Giang Nguyen\\Desktop\\github\\php-core\\vendor\\laravel\\framework\\src\\Illuminate\\Pipeline\\Pipeline.php(167): Illuminate\\Foundation\\Http\\Middleware\\ValidatePostSize->handle(Object(Illuminate\\Http\\Request), Object(Closure))
#35 C:\\Users\\Giang Nguyen\\Desktop\\github\\php-core\\vendor\\laravel\\framework\\src\\Illuminate\\Foundation\\Http\\Middleware\\PreventRequestsDuringMaintenance.php(86): Illuminate\\Pipeline\\Pipeline->Illuminate\\Pipeline\\{closure}(Object(Illuminate\\Http\\Request))
#36 C:\\Users\\Giang Nguyen\\Desktop\\github\\php-core\\vendor\\laravel\\framework\\src\\Illuminate\\Pipeline\\Pipeline.php(167): Illuminate\\Foundation\\Http\\Middleware\\PreventRequestsDuringMaintenance->handle(Object(Illuminate\\Http\\Request), Object(Closure))
#37 C:\\Users\\Giang Nguyen\\Desktop\\github\\php-core\\vendor\\fruitcake\\laravel-cors\\src\\HandleCors.php(38): Illuminate\\Pipeline\\Pipeline->Illuminate\\Pipeline\\{closure}(Object(Illuminate\\Http\\Request))
#38 C:\\Users\\Giang Nguyen\\Desktop\\github\\php-core\\vendor\\laravel\\framework\\src\\Illuminate\\Pipeline\\Pipeline.php(167): Fruitcake\\Cors\\HandleCors->handle(Object(Illuminate\\Http\\Request), Object(Closure))
#39 C:\\Users\\Giang Nguyen\\Desktop\\github\\php-core\\vendor\\laravel\\framework\\src\\Illuminate\\Http\\Middleware\\TrustProxies.php(39): Illuminate\\Pipeline\\Pipeline->Illuminate\\Pipeline\\{closure}(Object(Illuminate\\Http\\Request))
#40 C:\\Users\\Giang Nguyen\\Desktop\\github\\php-core\\vendor\\laravel\\framework\\src\\Illuminate\\Pipeline\\Pipeline.php(167): Illuminate\\Http\\Middleware\\TrustProxies->handle(Object(Illuminate\\Http\\Request), Object(Closure))
#41 C:\\Users\\Giang Nguyen\\Desktop\\github\\php-core\\vendor\\laravel\\framework\\src\\Illuminate\\Pipeline\\Pipeline.php(103): Illuminate\\Pipeline\\Pipeline->Illuminate\\Pipeline\\{closure}(Object(Illuminate\\Http\\Request))
#42 C:\\Users\\Giang Nguyen\\Desktop\\github\\php-core\\vendor\\laravel\\framework\\src\\Illuminate\\Foundation\\Http\\Kernel.php(142): Illuminate\\Pipeline\\Pipeline->then(Object(Closure))
#43 C:\\Users\\Giang Nguyen\\Desktop\\github\\php-core\\vendor\\laravel\\framework\\src\\Illuminate\\Foundation\\Http\\Kernel.php(111): Illuminate\\Foundation\\Http\\Kernel->sendRequestThroughRouter(Object(Illuminate\\Http\\Request))
#44 C:\\Users\\Giang Nguyen\\Desktop\\github\\php-core\\index.php(9): Illuminate\\Foundation\\Http\\Kernel->handle(Object(Illuminate\\Http\\Request))
#45 {main}

[previous exception] [object] (ParseError(code: 0): syntax error, unexpected 'endforeach' (T_ENDFOREACH), expecting elseif (T_ELSEIF) or else (T_ELSE) or endif (T_ENDIF) at C:\\Users\\Giang Nguyen\\Desktop\\github\\php-core\\Resources\\storage\\framework\\views\\8e9f02ca7fc189e4227200d978808a1db9e76e1f.php:4)
[stacktrace]
#0 C:\\Users\\Giang Nguyen\\Desktop\\github\\php-core\\vendor\\laravel\\framework\\src\\Illuminate\\Filesystem\\Filesystem.php(108): Illuminate\\Filesystem\\Filesystem::Illuminate\\Filesystem\\{closure}()
#1 C:\\Users\\Giang Nguyen\\Desktop\\github\\php-core\\vendor\\laravel\\framework\\src\\Illuminate\\View\\Engines\\PhpEngine.php(58): Illuminate\\Filesystem\\Filesystem->getRequire('C:\\\\Users\\\\Giang ...', Array)
#2 C:\\Users\\Giang Nguyen\\Desktop\\github\\php-core\\vendor\\laravel\\framework\\src\\Illuminate\\View\\Engines\\CompilerEngine.php(61): Illuminate\\View\\Engines\\PhpEngine->evaluatePath('C:\\\\Users\\\\Giang ...', Array)
#3 C:\\Users\\Giang Nguyen\\Desktop\\github\\php-core\\vendor\\laravel\\framework\\src\\Illuminate\\View\\View.php(139): Illuminate\\View\\Engines\\CompilerEngine->get('C:\\\\Users\\\\Giang ...', Array)
#4 C:\\Users\\Giang Nguyen\\Desktop\\github\\php-core\\vendor\\laravel\\framework\\src\\Illuminate\\View\\View.php(122): Illuminate\\View\\View->getContents()
#5 C:\\Users\\Giang Nguyen\\Desktop\\github\\php-core\\vendor\\laravel\\framework\\src\\Illuminate\\View\\View.php(91): Illuminate\\View\\View->renderContents()
#6 C:\\Users\\Giang Nguyen\\Desktop\\github\\php-core\\vendor\\laravel\\framework\\src\\Illuminate\\View\\Concerns\\ManagesComponents.php(100): Illuminate\\View\\View->render()
#7 C:\\Users\\Giang Nguyen\\Desktop\\github\\php-core\\Resources\\storage\\framework\\views\\369ba42c873ea6e4029cedde8070a7a47fb47f38.php(18): Illuminate\\View\\Factory->renderComponent()
#8 C:\\Users\\Giang Nguyen\\Desktop\\github\\php-core\\vendor\\laravel\\framework\\src\\Illuminate\\Filesystem\\Filesystem.php(107): require('C:\\\\Users\\\\Giang ...')
#9 C:\\Users\\Giang Nguyen\\Desktop\\github\\php-core\\vendor\\laravel\\framework\\src\\Illuminate\\Filesystem\\Filesystem.php(108): Illuminate\\Filesystem\\Filesystem::Illuminate\\Filesystem\\{closure}()
#10 C:\\Users\\Giang Nguyen\\Desktop\\github\\php-core\\vendor\\laravel\\framework\\src\\Illuminate\\View\\Engines\\PhpEngine.php(58): Illuminate\\Filesystem\\Filesystem->getRequire('C:\\\\Users\\\\Giang ...', Array)
#11 C:\\Users\\Giang Nguyen\\Desktop\\github\\php-core\\vendor\\laravel\\framework\\src\\Illuminate\\View\\Engines\\CompilerEngine.php(61): Illuminate\\View\\Engines\\PhpEngine->evaluatePath('C:\\\\Users\\\\Giang ...', Array)
#12 C:\\Users\\Giang Nguyen\\Desktop\\github\\php-core\\vendor\\laravel\\framework\\src\\Illuminate\\View\\View.php(139): Illuminate\\View\\Engines\\CompilerEngine->get('C:\\\\Users\\\\Giang ...', Array)
#13 C:\\Users\\Giang Nguyen\\Desktop\\github\\php-core\\vendor\\laravel\\framework\\src\\Illuminate\\View\\View.php(122): Illuminate\\View\\View->getContents()
#14 C:\\Users\\Giang Nguyen\\Desktop\\github\\php-core\\vendor\\laravel\\framework\\src\\Illuminate\\View\\View.php(91): Illuminate\\View\\View->renderContents()
#15 C:\\Users\\Giang Nguyen\\Desktop\\github\\php-core\\vendor\\laravel\\framework\\src\\Illuminate\\Http\\Response.php(69): Illuminate\\View\\View->render()
#16 C:\\Users\\Giang Nguyen\\Desktop\\github\\php-core\\vendor\\laravel\\framework\\src\\Illuminate\\Http\\Response.php(35): Illuminate\\Http\\Response->setContent(Object(Illuminate\\View\\View))
#17 C:\\Users\\Giang Nguyen\\Desktop\\github\\php-core\\vendor\\laravel\\framework\\src\\Illuminate\\Routing\\Router.php(820): Illuminate\\Http\\Response->__construct(Object(Illuminate\\View\\View), 200, Array)
#18 C:\\Users\\Giang Nguyen\\Desktop\\github\\php-core\\vendor\\laravel\\framework\\src\\Illuminate\\Routing\\Router.php(789): Illuminate\\Routing\\Router::toResponse(Object(Illuminate\\Http\\Request), Object(Illuminate\\View\\View))
#19 C:\\Users\\Giang Nguyen\\Desktop\\github\\php-core\\vendor\\laravel\\framework\\src\\Illuminate\\Routing\\Router.php(721): Illuminate\\Routing\\Router->prepareResponse(Object(Illuminate\\Http\\Request), Object(Illuminate\\View\\View))
#20 C:\\Users\\Giang Nguyen\\Desktop\\github\\php-core\\vendor\\laravel\\framework\\src\\Illuminate\\Pipeline\\Pipeline.php(128): Illuminate\\Routing\\Router->Illuminate\\Routing\\{closure}(Object(Illuminate\\Http\\Request))
#21 C:\\Users\\Giang Nguyen\\Desktop\\github\\php-core\\vendor\\laravel\\framework\\src\\Illuminate\\Pipeline\\Pipeline.php(103): Illuminate\\Pipeline\\Pipeline->Illuminate\\Pipeline\\{closure}(Object(Illuminate\\Http\\Request))
#22 C:\\Users\\Giang Nguyen\\Desktop\\github\\php-core\\vendor\\laravel\\framework\\src\\Illuminate\\Routing\\Router.php(723): Illuminate\\Pipeline\\Pipeline->then(Object(Closure))
#23 C:\\Users\\Giang Nguyen\\Desktop\\github\\php-core\\vendor\\laravel\\framework\\src\\Illuminate\\Routing\\Router.php(698): Illuminate\\Routing\\Router->runRouteWithinStack(Object(Illuminate\\Routing\\Route), Object(Illuminate\\Http\\Request))
#24 C:\\Users\\Giang Nguyen\\Desktop\\github\\php-core\\vendor\\laravel\\framework\\src\\Illuminate\\Routing\\Router.php(662): Illuminate\\Routing\\Router->runRoute(Object(Illuminate\\Http\\Request), Object(Illuminate\\Routing\\Route))
#25 C:\\Users\\Giang Nguyen\\Desktop\\github\\php-core\\vendor\\laravel\\framework\\src\\Illuminate\\Routing\\Router.php(651): Illuminate\\Routing\\Router->dispatchToRoute(Object(Illuminate\\Http\\Request))
#26 C:\\Users\\Giang Nguyen\\Desktop\\github\\php-core\\vendor\\laravel\\framework\\src\\Illuminate\\Foundation\\Http\\Kernel.php(167): Illuminate\\Routing\\Router->dispatch(Object(Illuminate\\Http\\Request))
#27 C:\\Users\\Giang Nguyen\\Desktop\\github\\php-core\\vendor\\laravel\\framework\\src\\Illuminate\\Pipeline\\Pipeline.php(128): Illuminate\\Foundation\\Http\\Kernel->Illuminate\\Foundation\\Http\\{closure}(Object(Illuminate\\Http\\Request))
#28 C:\\Users\\Giang Nguyen\\Desktop\\github\\php-core\\vendor\\laravel\\framework\\src\\Illuminate\\Foundation\\Http\\Middleware\\TransformsRequest.php(21): Illuminate\\Pipeline\\Pipeline->Illuminate\\Pipeline\\{closure}(Object(Illuminate\\Http\\Request))
#29 C:\\Users\\Giang Nguyen\\Desktop\\github\\php-core\\vendor\\laravel\\framework\\src\\Illuminate\\Foundation\\Http\\Middleware\\ConvertEmptyStringsToNull.php(31): Illuminate\\Foundation\\Http\\Middleware\\TransformsRequest->handle(Object(Illuminate\\Http\\Request), Object(Closure))
#30 C:\\Users\\Giang Nguyen\\Desktop\\github\\php-core\\vendor\\laravel\\framework\\src\\Illuminate\\Pipeline\\Pipeline.php(167): Illuminate\\Foundation\\Http\\Middleware\\ConvertEmptyStringsToNull->handle(Object(Illuminate\\Http\\Request), Object(Closure))
#31 C:\\Users\\Giang Nguyen\\Desktop\\github\\php-core\\vendor\\laravel\\framework\\src\\Illuminate\\Foundation\\Http\\Middleware\\TransformsRequest.php(21): Illuminate\\Pipeline\\Pipeline->Illuminate\\Pipeline\\{closure}(Object(Illuminate\\Http\\Request))
#32 C:\\Users\\Giang Nguyen\\Desktop\\github\\php-core\\vendor\\laravel\\framework\\src\\Illuminate\\Foundation\\Http\\Middleware\\TrimStrings.php(40): Illuminate\\Foundation\\Http\\Middleware\\TransformsRequest->handle(Object(Illuminate\\Http\\Request), Object(Closure))
#33 C:\\Users\\Giang Nguyen\\Desktop\\github\\php-core\\vendor\\laravel\\framework\\src\\Illuminate\\Pipeline\\Pipeline.php(167): Illuminate\\Foundation\\Http\\Middleware\\TrimStrings->handle(Object(Illuminate\\Http\\Request), Object(Closure))
#34 C:\\Users\\Giang Nguyen\\Desktop\\github\\php-core\\vendor\\laravel\\framework\\src\\Illuminate\\Foundation\\Http\\Middleware\\ValidatePostSize.php(27): Illuminate\\Pipeline\\Pipeline->Illuminate\\Pipeline\\{closure}(Object(Illuminate\\Http\\Request))
#35 C:\\Users\\Giang Nguyen\\Desktop\\github\\php-core\\vendor\\laravel\\framework\\src\\Illuminate\\Pipeline\\Pipeline.php(167): Illuminate\\Foundation\\Http\\Middleware\\ValidatePostSize->handle(Object(Illuminate\\Http\\Request), Object(Closure))
#36 C:\\Users\\Giang Nguyen\\Desktop\\github\\php-core\\vendor\\laravel\\framework\\src\\Illuminate\\Foundation\\Http\\Middleware\\PreventRequestsDuringMaintenance.php(86): Illuminate\\Pipeline\\Pipeline->Illuminate\\Pipeline\\{closure}(Object(Illuminate\\Http\\Request))
#37 C:\\Users\\Giang Nguyen\\Desktop\\github\\php-core\\vendor\\laravel\\framework\\src\\Illuminate\\Pipeline\\Pipeline.php(167): Illuminate\\Foundation\\Http\\Middleware\\PreventRequestsDuringMaintenance->handle(Object(Illuminate\\Http\\Request), Object(Closure))
#38 C:\\Users\\Giang Nguyen\\Desktop\\github\\php-core\\vendor\\fruitcake\\laravel-cors\\src\\HandleCors.php(38): Illuminate\\Pipeline\\Pipeline->Illuminate\\Pipeline\\{closure}(Object(Illuminate\\Http\\Request))
#39 C:\\Users\\Giang Nguyen\\Desktop\\github\\php-core\\vendor\\laravel\\framework\\src\\Illuminate\\Pipeline\\Pipeline.php(167): Fruitcake\\Cors\\HandleCors->handle(Object(Illuminate\\Http\\Request), Object(Closure))
#40 C:\\Users\\Giang Nguyen\\Desktop\\github\\php-core\\vendor\\laravel\\framework\\src\\Illuminate\\Http\\Middleware\\TrustProxies.php(39): Illuminate\\Pipeline\\Pipeline->Illuminate\\Pipeline\\{closure}(Object(Illuminate\\Http\\Request))
#41 C:\\Users\\Giang Nguyen\\Desktop\\github\\php-core\\vendor\\laravel\\framework\\src\\Illuminate\\Pipeline\\Pipeline.php(167): Illuminate\\Http\\Middleware\\TrustProxies->handle(Object(Illuminate\\Http\\Request), Object(Closure))
#42 C:\\Users\\Giang Nguyen\\Desktop\\github\\php-core\\vendor\\laravel\\framework\\src\\Illuminate\\Pipeline\\Pipeline.php(103): Illuminate\\Pipeline\\Pipeline->Illuminate\\Pipeline\\{closure}(Object(Illuminate\\Http\\Request))
#43 C:\\Users\\Giang Nguyen\\Desktop\\github\\php-core\\vendor\\laravel\\framework\\src\\Illuminate\\Foundation\\Http\\Kernel.php(142): Illuminate\\Pipeline\\Pipeline->then(Object(Closure))
#44 C:\\Users\\Giang Nguyen\\Desktop\\github\\php-core\\vendor\\laravel\\framework\\src\\Illuminate\\Foundation\\Http\\Kernel.php(111): Illuminate\\Foundation\\Http\\Kernel->sendRequestThroughRouter(Object(Illuminate\\Http\\Request))
#45 C:\\Users\\Giang Nguyen\\Desktop\\github\\php-core\\index.php(9): Illuminate\\Foundation\\Http\\Kernel->handle(Object(Illuminate\\Http\\Request))
#46 {main}
"} 
[2022-11-02 09:35:00] local.ERROR: file_get_contents(C:\Users\Giang Nguyen\Desktop\github\php-core\Resources\composer.json): failed to open stream: No such file or directory {"exception":"[object] (ErrorException(code: 0): file_get_contents(C:\\Users\\Giang Nguyen\\Desktop\\github\\php-core\\Resources\\composer.json): failed to open stream: No such file or directory at C:\\Users\\Giang Nguyen\\Desktop\\github\\php-core\\vendor\\laravel\\framework\\src\\Illuminate\\Foundation\\Application.php:1399)
[stacktrace]
#0 [internal function]: Illuminate\\Foundation\\Bootstrap\\HandleExceptions->handleError(2, 'file_get_conten...', 'C:\\\\Users\\\\Giang ...', 1399, Array)
#1 C:\\Users\\Giang Nguyen\\Desktop\\github\\php-core\\vendor\\laravel\\framework\\src\\Illuminate\\Foundation\\Application.php(1399): file_get_contents('C:\\\\Users\\\\Giang ...')
#2 C:\\Users\\Giang Nguyen\\Desktop\\github\\php-core\\vendor\\laravel\\framework\\src\\Illuminate\\Foundation\\Console\\Kernel.php(220): Illuminate\\Foundation\\Application->getNamespace()
#3 C:\\Users\\Giang Nguyen\\Desktop\\github\\php-core\\src\\Kernels\\AppConsoleKernel.php(29): Illuminate\\Foundation\\Console\\Kernel->load(Array)
#4 C:\\Users\\Giang Nguyen\\Desktop\\github\\php-core\\vendor\\laravel\\framework\\src\\Illuminate\\Foundation\\Console\\Kernel.php(316): Tuezy\\Kernels\\AppConsoleKernel->commands()
#5 C:\\Users\\Giang Nguyen\\Desktop\\github\\php-core\\vendor\\laravel\\framework\\src\\Illuminate\\Foundation\\Console\\Kernel.php(127): Illuminate\\Foundation\\Console\\Kernel->bootstrap()
#6 C:\\Users\\Giang Nguyen\\Desktop\\github\\php-core\\src\\Kernels\\AppConsoleKernel.php(37): Illuminate\\Foundation\\Console\\Kernel->handle(Object(Symfony\\Component\\Console\\Input\\ArgvInput), Object(Symfony\\Component\\Console\\Output\\ConsoleOutput))
#7 C:\\Users\\Giang Nguyen\\Desktop\\github\\php-core\\artisan(9): Tuezy\\Kernels\\AppConsoleKernel->handle(Object(Symfony\\Component\\Console\\Input\\ArgvInput), Object(Symfony\\Component\\Console\\Output\\ConsoleOutput))
#8 {main}
"} 
[2022-11-02 09:35:24] local.ERROR: file_get_contents(C:\Users\Giang Nguyen\Desktop\github\php-core\Resources\composer.json): failed to open stream: No such file or directory {"exception":"[object] (ErrorException(code: 0): file_get_contents(C:\\Users\\Giang Nguyen\\Desktop\\github\\php-core\\Resources\\composer.json): failed to open stream: No such file or directory at C:\\Users\\Giang Nguyen\\Desktop\\github\\php-core\\vendor\\laravel\\framework\\src\\Illuminate\\Foundation\\Application.php:1399)
[stacktrace]
#0 [internal function]: Illuminate\\Foundation\\Bootstrap\\HandleExceptions->handleError(2, 'file_get_conten...', 'C:\\\\Users\\\\Giang ...', 1399, Array)
#1 C:\\Users\\Giang Nguyen\\Desktop\\github\\php-core\\vendor\\laravel\\framework\\src\\Illuminate\\Foundation\\Application.php(1399): file_get_contents('C:\\\\Users\\\\Giang ...')
#2 C:\\Users\\Giang Nguyen\\Desktop\\github\\php-core\\vendor\\laravel\\framework\\src\\Illuminate\\Foundation\\Console\\Kernel.php(220): Illuminate\\Foundation\\Application->getNamespace()
#3 C:\\Users\\Giang Nguyen\\Desktop\\github\\php-core\\src\\Kernels\\AppConsoleKernel.php(29): Illuminate\\Foundation\\Console\\Kernel->load(Array)
#4 C:\\Users\\Giang Nguyen\\Desktop\\github\\php-core\\vendor\\laravel\\framework\\src\\Illuminate\\Foundation\\Console\\Kernel.php(316): Tuezy\\Kernels\\AppConsoleKernel->commands()
#5 C:\\Users\\Giang Nguyen\\Desktop\\github\\php-core\\vendor\\laravel\\framework\\src\\Illuminate\\Foundation\\Console\\Kernel.php(127): Illuminate\\Foundation\\Console\\Kernel->bootstrap()
#6 C:\\Users\\Giang Nguyen\\Desktop\\github\\php-core\\src\\Kernels\\AppConsoleKernel.php(37): Illuminate\\Foundation\\Console\\Kernel->handle(Object(Symfony\\Component\\Console\\Input\\ArgvInput), Object(Symfony\\Component\\Console\\Output\\ConsoleOutput))
#7 C:\\Users\\Giang Nguyen\\Desktop\\github\\php-core\\artisan(9): Tuezy\\Kernels\\AppConsoleKernel->handle(Object(Symfony\\Component\\Console\\Input\\ArgvInput), Object(Symfony\\Component\\Console\\Output\\ConsoleOutput))
#8 {main}
"} 
[2022-11-02 09:36:05] local.ERROR: file_get_contents(C:\Users\Giang Nguyen\Desktop\github\php-core\Resources\composer.json): failed to open stream: No such file or directory {"exception":"[object] (ErrorException(code: 0): file_get_contents(C:\\Users\\Giang Nguyen\\Desktop\\github\\php-core\\Resources\\composer.json): failed to open stream: No such file or directory at C:\\Users\\Giang Nguyen\\Desktop\\github\\php-core\\vendor\\laravel\\framework\\src\\Illuminate\\Foundation\\Application.php:1399)
[stacktrace]
#0 [internal function]: Illuminate\\Foundation\\Bootstrap\\HandleExceptions->handleError(2, 'file_get_conten...', 'C:\\\\Users\\\\Giang ...', 1399, Array)
#1 C:\\Users\\Giang Nguyen\\Desktop\\github\\php-core\\vendor\\laravel\\framework\\src\\Illuminate\\Foundation\\Application.php(1399): file_get_contents('C:\\\\Users\\\\Giang ...')
#2 C:\\Users\\Giang Nguyen\\Desktop\\github\\php-core\\vendor\\laravel\\framework\\src\\Illuminate\\Foundation\\Console\\Kernel.php(220): Illuminate\\Foundation\\Application->getNamespace()
#3 C:\\Users\\Giang Nguyen\\Desktop\\github\\php-core\\src\\Kernels\\AppConsoleKernel.php(29): Illuminate\\Foundation\\Console\\Kernel->load(Array)
#4 C:\\Users\\Giang Nguyen\\Desktop\\github\\php-core\\vendor\\laravel\\framework\\src\\Illuminate\\Foundation\\Console\\Kernel.php(316): Tuezy\\Kernels\\AppConsoleKernel->commands()
#5 C:\\Users\\Giang Nguyen\\Desktop\\github\\php-core\\vendor\\laravel\\framework\\src\\Illuminate\\Foundation\\Console\\Kernel.php(127): Illuminate\\Foundation\\Console\\Kernel->bootstrap()
#6 C:\\Users\\Giang Nguyen\\Desktop\\github\\php-core\\src\\Kernels\\AppConsoleKernel.php(37): Illuminate\\Foundation\\Console\\Kernel->handle(Object(Symfony\\Component\\Console\\Input\\ArgvInput), Object(Symfony\\Component\\Console\\Output\\ConsoleOutput))
#7 C:\\Users\\Giang Nguyen\\Desktop\\github\\php-core\\artisan(9): Tuezy\\Kernels\\AppConsoleKernel->handle(Object(Symfony\\Component\\Console\\Input\\ArgvInput), Object(Symfony\\Component\\Console\\Output\\ConsoleOutput))
#8 {main}
"} 
[2022-11-02 09:36:57] local.ERROR: file_get_contents(C:\Users\Giang Nguyen\Desktop\github\php-core\Resources\composer.json): failed to open stream: No such file or directory {"exception":"[object] (ErrorException(code: 0): file_get_contents(C:\\Users\\Giang Nguyen\\Desktop\\github\\php-core\\Resources\\composer.json): failed to open stream: No such file or directory at C:\\Users\\Giang Nguyen\\Desktop\\github\\php-core\\vendor\\laravel\\framework\\src\\Illuminate\\Foundation\\Application.php:1399)
[stacktrace]
#0 [internal function]: Illuminate\\Foundation\\Bootstrap\\HandleExceptions->handleError(2, 'file_get_conten...', 'C:\\\\Users\\\\Giang ...', 1399, Array)
#1 C:\\Users\\Giang Nguyen\\Desktop\\github\\php-core\\vendor\\laravel\\framework\\src\\Illuminate\\Foundation\\Application.php(1399): file_get_contents('C:\\\\Users\\\\Giang ...')
#2 C:\\Users\\Giang Nguyen\\Desktop\\github\\php-core\\vendor\\laravel\\framework\\src\\Illuminate\\Foundation\\Console\\Kernel.php(220): Illuminate\\Foundation\\Application->getNamespace()
#3 C:\\Users\\Giang Nguyen\\Desktop\\github\\php-core\\src\\Kernels\\AppConsoleKernel.php(29): Illuminate\\Foundation\\Console\\Kernel->load(Array)
#4 C:\\Users\\Giang Nguyen\\Desktop\\github\\php-core\\vendor\\laravel\\framework\\src\\Illuminate\\Foundation\\Console\\Kernel.php(316): Tuezy\\Kernels\\AppConsoleKernel->commands()
#5 C:\\Users\\Giang Nguyen\\Desktop\\github\\php-core\\vendor\\laravel\\framework\\src\\Illuminate\\Foundation\\Console\\Kernel.php(127): Illuminate\\Foundation\\Console\\Kernel->bootstrap()
#6 C:\\Users\\Giang Nguyen\\Desktop\\github\\php-core\\src\\Kernels\\AppConsoleKernel.php(37): Illuminate\\Foundation\\Console\\Kernel->handle(Object(Symfony\\Component\\Console\\Input\\ArgvInput), Object(Symfony\\Component\\Console\\Output\\ConsoleOutput))
#7 C:\\Users\\Giang Nguyen\\Desktop\\github\\php-core\\artisan(9): Tuezy\\Kernels\\AppConsoleKernel->handle(Object(Symfony\\Component\\Console\\Input\\ArgvInput), Object(Symfony\\Component\\Console\\Output\\ConsoleOutput))
#8 {main}
"} 
[2022-11-02 09:38:08] local.ERROR: Unable to detect application namespace. {"exception":"[object] (RuntimeException(code: 0): Unable to detect application namespace. at C:\\Users\\Giang Nguyen\\Desktop\\github\\php-core\\vendor\\laravel\\framework\\src\\Illuminate\\Foundation\\Application.php:1409)
[stacktrace]
#0 C:\\Users\\Giang Nguyen\\Desktop\\github\\php-core\\vendor\\laravel\\framework\\src\\Illuminate\\Foundation\\Console\\Kernel.php(220): Illuminate\\Foundation\\Application->getNamespace()
#1 C:\\Users\\Giang Nguyen\\Desktop\\github\\php-core\\src\\Kernels\\AppConsoleKernel.php(29): Illuminate\\Foundation\\Console\\Kernel->load(Array)
#2 C:\\Users\\Giang Nguyen\\Desktop\\github\\php-core\\vendor\\laravel\\framework\\src\\Illuminate\\Foundation\\Console\\Kernel.php(316): Tuezy\\Kernels\\AppConsoleKernel->commands()
#3 C:\\Users\\Giang Nguyen\\Desktop\\github\\php-core\\vendor\\laravel\\framework\\src\\Illuminate\\Foundation\\Console\\Kernel.php(127): Illuminate\\Foundation\\Console\\Kernel->bootstrap()
#4 C:\\Users\\Giang Nguyen\\Desktop\\github\\php-core\\src\\Kernels\\AppConsoleKernel.php(37): Illuminate\\Foundation\\Console\\Kernel->handle(Object(Symfony\\Component\\Console\\Input\\ArgvInput), Object(Symfony\\Component\\Console\\Output\\ConsoleOutput))
#5 C:\\Users\\Giang Nguyen\\Desktop\\github\\php-core\\artisan(9): Tuezy\\Kernels\\AppConsoleKernel->handle(Object(Symfony\\Component\\Console\\Input\\ArgvInput), Object(Symfony\\Component\\Console\\Output\\ConsoleOutput))
#6 {main}
"} 
